<?xml version="1.0" encoding="UTF-8"?>
<testsuite xmlns:xsi="http://www.w3.org/2001/XMLSchema-instance" xsi:noNamespaceSchemaLocation="https://maven.apache.org/surefire/maven-surefire-plugin/xsd/surefire-test-report-3.0.xsd" version="3.0" name="ch.hftm.blog.control.BlogServiceTest" time="24.206" tests="4" errors="0" skipped="0" failures="1">
  <properties>
    <property name="java.specification.version" value="21"/>
    <property name="sun.cpu.isalist" value="amd64"/>
    <property name="test.url" value="http://localhost:8081"/>
    <property name="sun.jnu.encoding" value="Cp1252"/>
    <property name="java.class.path" value="C:\01_DevWorkspace\Java Quarkus\01_HftmProjects\Hftm_IN306_BlogService\target\test-classes;C:\01_DevWorkspace\Java Quarkus\01_HftmProjects\Hftm_IN306_BlogService\target\classes;C:\Users\andre\.m2\repository\org\projectlombok\lombok\1.18.32\lombok-1.18.32.jar;C:\Users\andre\.m2\repository\io\quarkus\quarkus-rest-client-jsonb\3.9.4\quarkus-rest-client-jsonb-3.9.4.jar;C:\Users\andre\.m2\repository\io\quarkus\resteasy\reactive\resteasy-reactive-jsonb\3.9.4\resteasy-reactive-jsonb-3.9.4.jar;C:\Users\andre\.m2\repository\io\quarkus\resteasy\reactive\resteasy-reactive\3.9.4\resteasy-reactive-3.9.4.jar;C:\Users\andre\.m2\repository\org\eclipse\yasson\3.0.3\yasson-3.0.3.jar;C:\Users\andre\.m2\repository\jakarta\json\jakarta.json-api\2.1.3\jakarta.json-api-2.1.3.jar;C:\Users\andre\.m2\repository\jakarta\json\bind\jakarta.json.bind-api\3.0.0\jakarta.json.bind-api-3.0.0.jar;C:\Users\andre\.m2\repository\jakarta\annotation\jakarta.annotation-api\2.1.1\jakarta.annotation-api-2.1.1.jar;C:\Users\andre\.m2\repository\org\jboss\logging\commons-logging-jboss-logging\1.0.0.Final\commons-logging-jboss-logging-1.0.0.Final.jar;C:\Users\andre\.m2\repository\jakarta\xml\bind\jakarta.xml.bind-api\4.0.2\jakarta.xml.bind-api-4.0.2.jar;C:\Users\andre\.m2\repository\jakarta\activation\jakarta.activation-api\2.1.3\jakarta.activation-api-2.1.3.jar;C:\Users\andre\.m2\repository\org\jboss\logging\jboss-logging\3.5.3.Final\jboss-logging-3.5.3.Final.jar;C:\Users\andre\.m2\repository\io\quarkus\quarkus-rest-jsonb-common\3.9.4\quarkus-rest-jsonb-common-3.9.4.jar;C:\Users\andre\.m2\repository\io\quarkus\quarkus-jsonb\3.9.4\quarkus-jsonb-3.9.4.jar;C:\Users\andre\.m2\repository\io\quarkus\quarkus-rest-client\3.9.4\quarkus-rest-client-3.9.4.jar;C:\Users\andre\.m2\repository\io\quarkus\quarkus-rest-client-jaxrs\3.9.4\quarkus-rest-client-jaxrs-3.9.4.jar;C:\Users\andre\.m2\repository\io\quarkus\resteasy\reactive\resteasy-reactive-client\3.9.4\resteasy-reactive-client-3.9.4.jar;C:\Users\andre\.m2\repository\io\vertx\vertx-web-client\4.5.7\vertx-web-client-4.5.7.jar;C:\Users\andre\.m2\repository\io\quarkus\quarkus-smallrye-stork\3.9.4\quarkus-smallrye-stork-3.9.4.jar;C:\Users\andre\.m2\repository\io\quarkus\quarkus-rest-client-config\3.9.4\quarkus-rest-client-config-3.9.4.jar;C:\Users\andre\.m2\repository\io\smallrye\stork\stork-api\2.6.0\stork-api-2.6.0.jar;C:\Users\andre\.m2\repository\io\smallrye\stork\stork-core\2.6.0\stork-core-2.6.0.jar;C:\Users\andre\.m2\repository\org\eclipse\microprofile\rest\client\microprofile-rest-client-api\3.0.1\microprofile-rest-client-api-3.0.1.jar;C:\Users\andre\.m2\repository\io\quarkus\quarkus-rest-jackson\3.9.4\quarkus-rest-jackson-3.9.4.jar;C:\Users\andre\.m2\repository\io\quarkus\quarkus-rest-jackson-common\3.9.4\quarkus-rest-jackson-common-3.9.4.jar;C:\Users\andre\.m2\repository\io\quarkus\resteasy\reactive\resteasy-reactive-jackson\3.9.4\resteasy-reactive-jackson-3.9.4.jar;C:\Users\andre\.m2\repository\io\quarkus\quarkus-jackson\3.9.4\quarkus-jackson-3.9.4.jar;C:\Users\andre\.m2\repository\com\fasterxml\jackson\datatype\jackson-datatype-jsr310\2.17.0\jackson-datatype-jsr310-2.17.0.jar;C:\Users\andre\.m2\repository\com\fasterxml\jackson\datatype\jackson-datatype-jdk8\2.17.0\jackson-datatype-jdk8-2.17.0.jar;C:\Users\andre\.m2\repository\com\fasterxml\jackson\module\jackson-module-parameter-names\2.17.0\jackson-module-parameter-names-2.17.0.jar;C:\Users\andre\.m2\repository\io\quarkus\quarkus-arc\3.9.4\quarkus-arc-3.9.4.jar;C:\Users\andre\.m2\repository\io\quarkus\arc\arc\3.9.4\arc-3.9.4.jar;C:\Users\andre\.m2\repository\jakarta\enterprise\jakarta.enterprise.cdi-api\4.0.1\jakarta.enterprise.cdi-api-4.0.1.jar;C:\Users\andre\.m2\repository\jakarta\enterprise\jakarta.enterprise.lang-model\4.0.1\jakarta.enterprise.lang-model-4.0.1.jar;C:\Users\andre\.m2\repository\jakarta\el\jakarta.el-api\5.0.1\jakarta.el-api-5.0.1.jar;C:\Users\andre\.m2\repository\jakarta\interceptor\jakarta.interceptor-api\2.1.0\jakarta.interceptor-api-2.1.0.jar;C:\Users\andre\.m2\repository\jakarta\transaction\jakarta.transaction-api\2.0.1\jakarta.transaction-api-2.0.1.jar;C:\Users\andre\.m2\repository\io\smallrye\reactive\mutiny\2.5.8\mutiny-2.5.8.jar;C:\Users\andre\.m2\repository\io\smallrye\common\smallrye-common-annotation\2.3.0\smallrye-common-annotation-2.3.0.jar;C:\Users\andre\.m2\repository\io\quarkus\quarkus-core\3.9.4\quarkus-core-3.9.4.jar;C:\Users\andre\.m2\repository\jakarta\inject\jakarta.inject-api\2.0.1\jakarta.inject-api-2.0.1.jar;C:\Users\andre\.m2\repository\io\smallrye\common\smallrye-common-os\2.3.0\smallrye-common-os-2.3.0.jar;C:\Users\andre\.m2\repository\io\quarkus\quarkus-ide-launcher\3.9.4\quarkus-ide-launcher-3.9.4.jar;C:\Users\andre\.m2\repository\io\quarkus\quarkus-development-mode-spi\3.9.4\quarkus-development-mode-spi-3.9.4.jar;C:\Users\andre\.m2\repository\io\smallrye\config\smallrye-config\3.7.1\smallrye-config-3.7.1.jar;C:\Users\andre\.m2\repository\io\smallrye\config\smallrye-config-core\3.7.1\smallrye-config-core-3.7.1.jar;C:\Users\andre\.m2\repository\io\smallrye\common\smallrye-common-classloader\2.3.0\smallrye-common-classloader-2.3.0.jar;C:\Users\andre\.m2\repository\io\smallrye\config\smallrye-config-common\3.7.1\smallrye-config-common-3.7.1.jar;C:\Users\andre\.m2\repository\org\jboss\logmanager\jboss-logmanager\3.0.4.Final\jboss-logmanager-3.0.4.Final.jar;C:\Users\andre\.m2\repository\io\smallrye\common\smallrye-common-constraint\2.3.0\smallrye-common-constraint-2.3.0.jar;C:\Users\andre\.m2\repository\io\smallrye\common\smallrye-common-cpu\2.3.0\smallrye-common-cpu-2.3.0.jar;C:\Users\andre\.m2\repository\io\smallrye\common\smallrye-common-expression\2.3.0\smallrye-common-expression-2.3.0.jar;C:\Users\andre\.m2\repository\io\smallrye\common\smallrye-common-function\2.3.0\smallrye-common-function-2.3.0.jar;C:\Users\andre\.m2\repository\io\smallrye\common\smallrye-common-net\2.3.0\smallrye-common-net-2.3.0.jar;C:\Users\andre\.m2\repository\io\smallrye\common\smallrye-common-ref\2.3.0\smallrye-common-ref-2.3.0.jar;C:\Users\andre\.m2\repository\org\jboss\logging\jboss-logging-annotations\2.2.1.Final\jboss-logging-annotations-2.2.1.Final.jar;C:\Users\andre\.m2\repository\org\jboss\threads\jboss-threads\3.6.1.Final\jboss-threads-3.6.1.Final.jar;C:\Users\andre\.m2\repository\org\slf4j\slf4j-api\2.0.6\slf4j-api-2.0.6.jar;C:\Users\andre\.m2\repository\org\jboss\slf4j\slf4j-jboss-logmanager\2.0.0.Final\slf4j-jboss-logmanager-2.0.0.Final.jar;C:\Users\andre\.m2\repository\org\wildfly\common\wildfly-common\1.7.0.Final\wildfly-common-1.7.0.Final.jar;C:\Users\andre\.m2\repository\io\quarkus\quarkus-bootstrap-runner\3.9.4\quarkus-bootstrap-runner-3.9.4.jar;C:\Users\andre\.m2\repository\io\quarkus\quarkus-fs-util\0.0.10\quarkus-fs-util-0.0.10.jar;C:\Users\andre\.m2\repository\org\eclipse\microprofile\context-propagation\microprofile-context-propagation-api\1.3\microprofile-context-propagation-api-1.3.jar;C:\Users\andre\.m2\repository\io\quarkus\quarkus-rest\3.9.4\quarkus-rest-3.9.4.jar;C:\Users\andre\.m2\repository\io\quarkus\quarkus-rest-common\3.9.4\quarkus-rest-common-3.9.4.jar;C:\Users\andre\.m2\repository\io\quarkus\resteasy\reactive\resteasy-reactive-common\3.9.4\resteasy-reactive-common-3.9.4.jar;C:\Users\andre\.m2\repository\io\quarkus\resteasy\reactive\resteasy-reactive-common-types\3.9.4\resteasy-reactive-common-types-3.9.4.jar;C:\Users\andre\.m2\repository\org\reactivestreams\reactive-streams\1.0.4\reactive-streams-1.0.4.jar;C:\Users\andre\.m2\repository\io\smallrye\reactive\mutiny-zero-flow-adapters\1.0.0\mutiny-zero-flow-adapters-1.0.0.jar;C:\Users\andre\.m2\repository\io\quarkus\quarkus-mutiny\3.9.4\quarkus-mutiny-3.9.4.jar;C:\Users\andre\.m2\repository\io\quarkus\quarkus-smallrye-context-propagation\3.9.4\quarkus-smallrye-context-propagation-3.9.4.jar;C:\Users\andre\.m2\repository\io\smallrye\smallrye-context-propagation\2.1.0\smallrye-context-propagation-2.1.0.jar;C:\Users\andre\.m2\repository\io\smallrye\smallrye-context-propagation-api\2.1.0\smallrye-context-propagation-api-2.1.0.jar;C:\Users\andre\.m2\repository\io\smallrye\smallrye-context-propagation-storage\2.1.0\smallrye-context-propagation-storage-2.1.0.jar;C:\Users\andre\.m2\repository\io\smallrye\reactive\mutiny-smallrye-context-propagation\2.5.8\mutiny-smallrye-context-propagation-2.5.8.jar;C:\Users\andre\.m2\repository\io\quarkus\quarkus-vertx\3.9.4\quarkus-vertx-3.9.4.jar;C:\Users\andre\.m2\repository\io\quarkus\quarkus-netty\3.9.4\quarkus-netty-3.9.4.jar;C:\Users\andre\.m2\repository\io\netty\netty-codec\4.1.108.Final\netty-codec-4.1.108.Final.jar;C:\Users\andre\.m2\repository\com\aayushatharva\brotli4j\brotli4j\1.16.0\brotli4j-1.16.0.jar;C:\Users\andre\.m2\repository\com\aayushatharva\brotli4j\service\1.16.0\service-1.16.0.jar;C:\Users\andre\.m2\repository\com\aayushatharva\brotli4j\native-windows-x86_64\1.16.0\native-windows-x86_64-1.16.0.jar;C:\Users\andre\.m2\repository\io\netty\netty-codec-haproxy\4.1.108.Final\netty-codec-haproxy-4.1.108.Final.jar;C:\Users\andre\.m2\repository\io\quarkus\quarkus-vertx-latebound-mdc-provider\3.9.4\quarkus-vertx-latebound-mdc-provider-3.9.4.jar;C:\Users\andre\.m2\repository\io\smallrye\smallrye-fault-tolerance-vertx\6.2.6\smallrye-fault-tolerance-vertx-6.2.6.jar;C:\Users\andre\.m2\repository\io\quarkus\resteasy\reactive\resteasy-reactive-vertx\3.9.4\resteasy-reactive-vertx-3.9.4.jar;C:\Users\andre\.m2\repository\io\vertx\vertx-web\4.5.7\vertx-web-4.5.7.jar;C:\Users\andre\.m2\repository\io\vertx\vertx-web-common\4.5.7\vertx-web-common-4.5.7.jar;C:\Users\andre\.m2\repository\io\vertx\vertx-auth-common\4.5.7\vertx-auth-common-4.5.7.jar;C:\Users\andre\.m2\repository\io\vertx\vertx-bridge-common\4.5.7\vertx-bridge-common-4.5.7.jar;C:\Users\andre\.m2\repository\io\smallrye\reactive\smallrye-mutiny-vertx-core\3.11.0\smallrye-mutiny-vertx-core-3.11.0.jar;C:\Users\andre\.m2\repository\io\smallrye\reactive\smallrye-mutiny-vertx-runtime\3.11.0\smallrye-mutiny-vertx-runtime-3.11.0.jar;C:\Users\andre\.m2\repository\io\smallrye\reactive\vertx-mutiny-generator\3.11.0\vertx-mutiny-generator-3.11.0.jar;C:\Users\andre\.m2\repository\io\vertx\vertx-codegen\4.5.7\vertx-codegen-4.5.7.jar;C:\Users\andre\.m2\repository\jakarta\ws\rs\jakarta.ws.rs-api\3.1.0\jakarta.ws.rs-api-3.1.0.jar;C:\Users\andre\.m2\repository\io\quarkus\quarkus-vertx-http\3.9.4\quarkus-vertx-http-3.9.4.jar;C:\Users\andre\.m2\repository\io\quarkus\quarkus-security-runtime-spi\3.9.4\quarkus-security-runtime-spi-3.9.4.jar;C:\Users\andre\.m2\repository\io\quarkus\quarkus-credentials\3.9.4\quarkus-credentials-3.9.4.jar;C:\Users\andre\.m2\repository\io\smallrye\common\smallrye-common-vertx-context\2.3.0\smallrye-common-vertx-context-2.3.0.jar;C:\Users\andre\.m2\repository\io\quarkus\security\quarkus-security\2.0.3.Final\quarkus-security-2.0.3.Final.jar;C:\Users\andre\.m2\repository\io\smallrye\reactive\smallrye-mutiny-vertx-web\3.11.0\smallrye-mutiny-vertx-web-3.11.0.jar;C:\Users\andre\.m2\repository\io\smallrye\reactive\smallrye-mutiny-vertx-web-common\3.11.0\smallrye-mutiny-vertx-web-common-3.11.0.jar;C:\Users\andre\.m2\repository\io\smallrye\reactive\smallrye-mutiny-vertx-auth-common\3.11.0\smallrye-mutiny-vertx-auth-common-3.11.0.jar;C:\Users\andre\.m2\repository\io\smallrye\reactive\smallrye-mutiny-vertx-bridge-common\3.11.0\smallrye-mutiny-vertx-bridge-common-3.11.0.jar;C:\Users\andre\.m2\repository\io\smallrye\reactive\smallrye-mutiny-vertx-uri-template\3.11.0\smallrye-mutiny-vertx-uri-template-3.11.0.jar;C:\Users\andre\.m2\repository\io\vertx\vertx-uri-template\4.5.7\vertx-uri-template-4.5.7.jar;C:\Users\andre\.m2\repository\io\github\crac\org-crac\0.1.3\org-crac-0.1.3.jar;C:\Users\andre\.m2\repository\io\quarkus\quarkus-jsonp\3.9.4\quarkus-jsonp-3.9.4.jar;C:\Users\andre\.m2\repository\org\eclipse\parsson\parsson\1.1.5\parsson-1.1.5.jar;C:\Users\andre\.m2\repository\io\quarkus\quarkus-virtual-threads\3.9.4\quarkus-virtual-threads-3.9.4.jar;C:\Users\andre\.m2\repository\io\vertx\vertx-core\4.5.7\vertx-core-4.5.7.jar;C:\Users\andre\.m2\repository\io\netty\netty-common\4.1.108.Final\netty-common-4.1.108.Final.jar;C:\Users\andre\.m2\repository\io\netty\netty-buffer\4.1.108.Final\netty-buffer-4.1.108.Final.jar;C:\Users\andre\.m2\repository\io\netty\netty-transport\4.1.108.Final\netty-transport-4.1.108.Final.jar;C:\Users\andre\.m2\repository\io\netty\netty-handler\4.1.108.Final\netty-handler-4.1.108.Final.jar;C:\Users\andre\.m2\repository\io\netty\netty-transport-native-unix-common\4.1.108.Final\netty-transport-native-unix-common-4.1.108.Final.jar;C:\Users\andre\.m2\repository\io\netty\netty-handler-proxy\4.1.108.Final\netty-handler-proxy-4.1.108.Final.jar;C:\Users\andre\.m2\repository\io\netty\netty-codec-socks\4.1.108.Final\netty-codec-socks-4.1.108.Final.jar;C:\Users\andre\.m2\repository\io\netty\netty-codec-http\4.1.108.Final\netty-codec-http-4.1.108.Final.jar;C:\Users\andre\.m2\repository\io\netty\netty-codec-http2\4.1.108.Final\netty-codec-http2-4.1.108.Final.jar;C:\Users\andre\.m2\repository\io\netty\netty-resolver\4.1.108.Final\netty-resolver-4.1.108.Final.jar;C:\Users\andre\.m2\repository\io\netty\netty-resolver-dns\4.1.108.Final\netty-resolver-dns-4.1.108.Final.jar;C:\Users\andre\.m2\repository\io\netty\netty-codec-dns\4.1.108.Final\netty-codec-dns-4.1.108.Final.jar;C:\Users\andre\.m2\repository\io\quarkus\quarkus-hibernate-orm-panache\3.9.4\quarkus-hibernate-orm-panache-3.9.4.jar;C:\Users\andre\.m2\repository\io\quarkus\quarkus-hibernate-orm\3.9.4\quarkus-hibernate-orm-3.9.4.jar;C:\Users\andre\.m2\repository\io\quarkus\quarkus-agroal\3.9.4\quarkus-agroal-3.9.4.jar;C:\Users\andre\.m2\repository\io\quarkus\quarkus-datasource\3.9.4\quarkus-datasource-3.9.4.jar;C:\Users\andre\.m2\repository\io\agroal\agroal-api\2.3\agroal-api-2.3.jar;C:\Users\andre\.m2\repository\io\agroal\agroal-narayana\2.3\agroal-narayana-2.3.jar;C:\Users\andre\.m2\repository\org\jboss\jboss-transaction-spi\8.0.0.Final\jboss-transaction-spi-8.0.0.Final.jar;C:\Users\andre\.m2\repository\io\agroal\agroal-pool\2.3\agroal-pool-2.3.jar;C:\Users\andre\.m2\repository\io\quarkus\quarkus-narayana-jta\3.9.4\quarkus-narayana-jta-3.9.4.jar;C:\Users\andre\.m2\repository\io\quarkus\quarkus-transaction-annotations\3.9.4\quarkus-transaction-annotations-3.9.4.jar;C:\Users\andre\.m2\repository\io\quarkus\quarkus-datasource-common\3.9.4\quarkus-datasource-common-3.9.4.jar;C:\Users\andre\.m2\repository\io\smallrye\smallrye-context-propagation-jta\2.1.0\smallrye-context-propagation-jta-2.1.0.jar;C:\Users\andre\.m2\repository\io\smallrye\reactive\smallrye-reactive-converter-api\3.0.1\smallrye-reactive-converter-api-3.0.1.jar;C:\Users\andre\.m2\repository\io\smallrye\reactive\smallrye-reactive-converter-mutiny\3.0.1\smallrye-reactive-converter-mutiny-3.0.1.jar;C:\Users\andre\.m2\repository\org\jboss\narayana\jta\narayana-jta\7.0.1.Final\narayana-jta-7.0.1.Final.jar;C:\Users\andre\.m2\repository\jakarta\resource\jakarta.resource-api\2.1.0\jakarta.resource-api-2.1.0.jar;C:\Users\andre\.m2\repository\org\jboss\invocation\jboss-invocation\2.0.0.Final\jboss-invocation-2.0.0.Final.jar;C:\Users\andre\.m2\repository\org\eclipse\microprofile\reactive-streams-operators\microprofile-reactive-streams-operators-api\3.0\microprofile-reactive-streams-operators-api-3.0.jar;C:\Users\andre\.m2\repository\org\jboss\narayana\jts\narayana-jts-integration\7.0.1.Final\narayana-jts-integration-7.0.1.Final.jar;C:\Users\andre\.m2\repository\org\hibernate\orm\hibernate-core\6.4.4.Final\hibernate-core-6.4.4.Final.jar;C:\Users\andre\.m2\repository\com\fasterxml\classmate\1.7.0\classmate-1.7.0.jar;C:\Users\andre\.m2\repository\org\antlr\antlr4-runtime\4.13.0\antlr4-runtime-4.13.0.jar;C:\Users\andre\.m2\repository\net\bytebuddy\byte-buddy\1.14.11\byte-buddy-1.14.11.jar;C:\Users\andre\.m2\repository\org\hibernate\common\hibernate-commons-annotations\6.0.6.Final\hibernate-commons-annotations-6.0.6.Final.jar;C:\Users\andre\.m2\repository\org\hibernate\orm\hibernate-graalvm\6.4.4.Final\hibernate-graalvm-6.4.4.Final.jar;C:\Users\andre\.m2\repository\org\glassfish\jaxb\jaxb-runtime\4.0.5\jaxb-runtime-4.0.5.jar;C:\Users\andre\.m2\repository\org\glassfish\jaxb\jaxb-core\4.0.5\jaxb-core-4.0.5.jar;C:\Users\andre\.m2\repository\org\eclipse\angus\angus-activation\2.0.2\angus-activation-2.0.2.jar;C:\Users\andre\.m2\repository\org\glassfish\jaxb\txw2\4.0.5\txw2-4.0.5.jar;C:\Users\andre\.m2\repository\com\sun\istack\istack-commons-runtime\4.1.2\istack-commons-runtime-4.1.2.jar;C:\Users\andre\.m2\repository\jakarta\persistence\jakarta.persistence-api\3.1.0\jakarta.persistence-api-3.1.0.jar;C:\Users\andre\.m2\repository\org\hibernate\quarkus-local-cache\0.3.0\quarkus-local-cache-0.3.0.jar;C:\Users\andre\.m2\repository\io\quarkus\quarkus-caffeine\3.9.4\quarkus-caffeine-3.9.4.jar;C:\Users\andre\.m2\repository\com\github\ben-manes\caffeine\caffeine\3.1.5\caffeine-3.1.5.jar;C:\Users\andre\.m2\repository\com\google\errorprone\error_prone_annotations\2.25.0\error_prone_annotations-2.25.0.jar;C:\Users\andre\.m2\repository\io\quarkus\quarkus-hibernate-orm-panache-common\3.9.4\quarkus-hibernate-orm-panache-common-3.9.4.jar;C:\Users\andre\.m2\repository\io\quarkus\quarkus-panache-hibernate-common\3.9.4\quarkus-panache-hibernate-common-3.9.4.jar;C:\Users\andre\.m2\repository\io\quarkus\quarkus-panache-common\3.9.4\quarkus-panache-common-3.9.4.jar;C:\Users\andre\.m2\repository\io\quarkus\quarkus-jdbc-mysql\3.9.4\quarkus-jdbc-mysql-3.9.4.jar;C:\Users\andre\.m2\repository\com\mysql\mysql-connector-j\8.3.0\mysql-connector-j-8.3.0.jar;C:\Users\andre\.m2\repository\io\quarkus\quarkus-junit5\3.9.4\quarkus-junit5-3.9.4.jar;C:\Users\andre\.m2\repository\io\quarkus\quarkus-bootstrap-core\3.9.4\quarkus-bootstrap-core-3.9.4.jar;C:\Users\andre\.m2\repository\io\quarkus\quarkus-bootstrap-app-model\3.9.4\quarkus-bootstrap-app-model-3.9.4.jar;C:\Users\andre\.m2\repository\io\smallrye\common\smallrye-common-io\2.3.0\smallrye-common-io-2.3.0.jar;C:\Users\andre\.m2\repository\org\eclipse\sisu\org.eclipse.sisu.inject\0.9.0.M2\org.eclipse.sisu.inject-0.9.0.M2.jar;C:\Users\andre\.m2\repository\io\quarkus\quarkus-test-common\3.9.4\quarkus-test-common-3.9.4.jar;C:\Users\andre\.m2\repository\io\quarkus\quarkus-core-deployment\3.9.4\quarkus-core-deployment-3.9.4.jar;C:\Users\andre\.m2\repository\org\aesh\readline\2.4\readline-2.4.jar;C:\Users\andre\.m2\repository\org\fusesource\jansi\jansi\2.4.0\jansi-2.4.0.jar;C:\Users\andre\.m2\repository\org\aesh\aesh\2.7\aesh-2.7.jar;C:\Users\andre\.m2\repository\io\quarkus\gizmo\gizmo\1.8.0\gizmo-1.8.0.jar;C:\Users\andre\.m2\repository\org\ow2\asm\asm-util\9.6\asm-util-9.6.jar;C:\Users\andre\.m2\repository\org\ow2\asm\asm-analysis\9.6\asm-analysis-9.6.jar;C:\Users\andre\.m2\repository\org\ow2\asm\asm\9.6\asm-9.6.jar;C:\Users\andre\.m2\repository\org\ow2\asm\asm-commons\9.6\asm-commons-9.6.jar;C:\Users\andre\.m2\repository\org\ow2\asm\asm-tree\9.6\asm-tree-9.6.jar;C:\Users\andre\.m2\repository\io\quarkus\quarkus-class-change-agent\3.9.4\quarkus-class-change-agent-3.9.4.jar;C:\Users\andre\.m2\repository\io\quarkus\quarkus-devtools-utilities\3.9.4\quarkus-devtools-utilities-3.9.4.jar;C:\Users\andre\.m2\repository\io\quarkus\quarkus-builder\3.9.4\quarkus-builder-3.9.4.jar;C:\Users\andre\.m2\repository\org\graalvm\sdk\nativeimage\23.1.2\nativeimage-23.1.2.jar;C:\Users\andre\.m2\repository\org\graalvm\sdk\word\23.1.2\word-23.1.2.jar;C:\Users\andre\.m2\repository\org\junit\platform\junit-platform-launcher\1.10.2\junit-platform-launcher-1.10.2.jar;C:\Users\andre\.m2\repository\io\quarkus\quarkus-bootstrap-maven-resolver\3.9.4\quarkus-bootstrap-maven-resolver-3.9.4.jar;C:\Users\andre\.m2\repository\io\smallrye\beanbag\smallrye-beanbag-maven\1.4.0\smallrye-beanbag-maven-1.4.0.jar;C:\Users\andre\.m2\repository\io\smallrye\beanbag\smallrye-beanbag-sisu\1.4.0\smallrye-beanbag-sisu-1.4.0.jar;C:\Users\andre\.m2\repository\io\smallrye\beanbag\smallrye-beanbag\1.4.0\smallrye-beanbag-1.4.0.jar;C:\Users\andre\.m2\repository\javax\inject\javax.inject\1\javax.inject-1.jar;C:\Users\andre\.m2\repository\org\apache\maven\maven-artifact\3.9.6\maven-artifact-3.9.6.jar;C:\Users\andre\.m2\repository\org\apache\maven\maven-builder-support\3.9.6\maven-builder-support-3.9.6.jar;C:\Users\andre\.m2\repository\org\apache\maven\maven-model\3.9.6\maven-model-3.9.6.jar;C:\Users\andre\.m2\repository\org\apache\maven\maven-model-builder\3.9.6\maven-model-builder-3.9.6.jar;C:\Users\andre\.m2\repository\org\apache\maven\maven-repository-metadata\3.9.6\maven-repository-metadata-3.9.6.jar;C:\Users\andre\.m2\repository\org\apache\maven\maven-settings\3.9.6\maven-settings-3.9.6.jar;C:\Users\andre\.m2\repository\org\apache\maven\resolver\maven-resolver-api\1.9.18\maven-resolver-api-1.9.18.jar;C:\Users\andre\.m2\repository\org\apache\maven\resolver\maven-resolver-impl\1.9.18\maven-resolver-impl-1.9.18.jar;C:\Users\andre\.m2\repository\org\apache\maven\resolver\maven-resolver-named-locks\1.9.18\maven-resolver-named-locks-1.9.18.jar;C:\Users\andre\.m2\repository\org\apache\maven\resolver\maven-resolver-spi\1.9.18\maven-resolver-spi-1.9.18.jar;C:\Users\andre\.m2\repository\org\apache\maven\resolver\maven-resolver-util\1.9.18\maven-resolver-util-1.9.18.jar;C:\Users\andre\.m2\repository\org\apache\maven\resolver\maven-resolver-transport-http\1.9.18\maven-resolver-transport-http-1.9.18.jar;C:\Users\andre\.m2\repository\org\apache\maven\wagon\wagon-provider-api\3.5.3\wagon-provider-api-3.5.3.jar;C:\Users\andre\.m2\repository\org\apache\maven\wagon\wagon-http-shared\3.5.3\wagon-http-shared-3.5.3.jar;C:\Users\andre\.m2\repository\org\codehaus\plexus\plexus-interpolation\1.26\plexus-interpolation-1.26.jar;C:\Users\andre\.m2\repository\org\codehaus\plexus\plexus-utils\3.5.1\plexus-utils-3.5.1.jar;C:\Users\andre\.m2\repository\org\codehaus\plexus\plexus-xml\4.0.0\plexus-xml-4.0.0.jar;C:\Users\andre\.m2\repository\org\apache\maven\maven-xml-impl\4.0.0-alpha-5\maven-xml-impl-4.0.0-alpha-5.jar;C:\Users\andre\.m2\repository\org\apache\maven\maven-api-xml\4.0.0-alpha-5\maven-api-xml-4.0.0-alpha-5.jar;C:\Users\andre\.m2\repository\org\apache\maven\maven-api-meta\4.0.0-alpha-5\maven-api-meta-4.0.0-alpha-5.jar;C:\Users\andre\.m2\repository\org\codehaus\plexus\plexus-cipher\2.0\plexus-cipher-2.0.jar;C:\Users\andre\.m2\repository\org\codehaus\plexus\plexus-sec-dispatcher\2.0\plexus-sec-dispatcher-2.0.jar;C:\Users\andre\.m2\repository\org\apache\maven\maven-embedder\3.9.6\maven-embedder-3.9.6.jar;C:\Users\andre\.m2\repository\org\apache\maven\maven-core\3.9.6\maven-core-3.9.6.jar;C:\Users\andre\.m2\repository\org\codehaus\plexus\plexus-component-annotations\2.1.0\plexus-component-annotations-2.1.0.jar;C:\Users\andre\.m2\repository\org\apache\maven\maven-plugin-api\3.9.6\maven-plugin-api-3.9.6.jar;C:\Users\andre\.m2\repository\org\apache\maven\shared\maven-shared-utils\3.3.4\maven-shared-utils-3.3.4.jar;C:\Users\andre\.m2\repository\com\google\inject\guice\5.1.0\guice-5.1.0.jar;C:\Users\andre\.m2\repository\aopalliance\aopalliance\1.0\aopalliance-1.0.jar;C:\Users\andre\.m2\repository\com\google\guava\guava\33.0.0-jre\guava-33.0.0-jre.jar;C:\Users\andre\.m2\repository\com\google\guava\failureaccess\1.0.1\failureaccess-1.0.1.jar;C:\Users\andre\.m2\repository\javax\annotation\javax.annotation-api\1.3.2\javax.annotation-api-1.3.2.jar;C:\Users\andre\.m2\repository\org\codehaus\plexus\plexus-classworlds\2.6.0\plexus-classworlds-2.6.0.jar;C:\Users\andre\.m2\repository\commons-cli\commons-cli\1.5.0\commons-cli-1.5.0.jar;C:\Users\andre\.m2\repository\org\eclipse\sisu\org.eclipse.sisu.plexus\0.9.0.M2\org.eclipse.sisu.plexus-0.9.0.M2.jar;C:\Users\andre\.m2\repository\org\apache\maven\maven-settings-builder\3.9.6\maven-settings-builder-3.9.6.jar;C:\Users\andre\.m2\repository\org\apache\maven\maven-resolver-provider\3.9.6\maven-resolver-provider-3.9.6.jar;C:\Users\andre\.m2\repository\org\apache\maven\resolver\maven-resolver-connector-basic\1.9.18\maven-resolver-connector-basic-1.9.18.jar;C:\Users\andre\.m2\repository\org\apache\maven\resolver\maven-resolver-transport-wagon\1.9.18\maven-resolver-transport-wagon-1.9.18.jar;C:\Users\andre\.m2\repository\org\apache\maven\wagon\wagon-http\3.5.3\wagon-http-3.5.3.jar;C:\Users\andre\.m2\repository\org\apache\maven\wagon\wagon-file\3.5.3\wagon-file-3.5.3.jar;C:\Users\andre\.m2\repository\io\quarkus\quarkus-bootstrap-gradle-resolver\3.9.4\quarkus-bootstrap-gradle-resolver-3.9.4.jar;C:\Users\andre\.m2\repository\io\smallrye\jandex\3.1.6\jandex-3.1.6.jar;C:\Users\andre\.m2\repository\commons-io\commons-io\2.15.1\commons-io-2.15.1.jar;C:\Users\andre\.m2\repository\io\quarkus\quarkus-junit5-properties\3.9.4\quarkus-junit5-properties-3.9.4.jar;C:\Users\andre\.m2\repository\org\junit\jupiter\junit-jupiter\5.10.2\junit-jupiter-5.10.2.jar;C:\Users\andre\.m2\repository\org\junit\jupiter\junit-jupiter-api\5.10.2\junit-jupiter-api-5.10.2.jar;C:\Users\andre\.m2\repository\org\opentest4j\opentest4j\1.3.0\opentest4j-1.3.0.jar;C:\Users\andre\.m2\repository\org\junit\platform\junit-platform-commons\1.10.2\junit-platform-commons-1.10.2.jar;C:\Users\andre\.m2\repository\org\apiguardian\apiguardian-api\1.1.2\apiguardian-api-1.1.2.jar;C:\Users\andre\.m2\repository\org\junit\jupiter\junit-jupiter-params\5.10.2\junit-jupiter-params-5.10.2.jar;C:\Users\andre\.m2\repository\org\junit\jupiter\junit-jupiter-engine\5.10.2\junit-jupiter-engine-5.10.2.jar;C:\Users\andre\.m2\repository\org\junit\platform\junit-platform-engine\1.10.2\junit-platform-engine-1.10.2.jar;C:\Users\andre\.m2\repository\com\thoughtworks\xstream\xstream\1.4.20\xstream-1.4.20.jar;C:\Users\andre\.m2\repository\io\github\x-stream\mxparser\1.2.2\mxparser-1.2.2.jar;C:\Users\andre\.m2\repository\xmlpull\xmlpull\1.1.3.1\xmlpull-1.1.3.1.jar;C:\Users\andre\.m2\repository\io\rest-assured\rest-assured\5.4.0\rest-assured-5.4.0.jar;C:\Users\andre\.m2\repository\org\apache\groovy\groovy\4.0.16\groovy-4.0.16.jar;C:\Users\andre\.m2\repository\org\apache\groovy\groovy-xml\4.0.16\groovy-xml-4.0.16.jar;C:\Users\andre\.m2\repository\org\apache\httpcomponents\httpclient\4.5.14\httpclient-4.5.14.jar;C:\Users\andre\.m2\repository\org\apache\httpcomponents\httpcore\4.4.16\httpcore-4.4.16.jar;C:\Users\andre\.m2\repository\commons-codec\commons-codec\1.16.1\commons-codec-1.16.1.jar;C:\Users\andre\.m2\repository\org\apache\httpcomponents\httpmime\4.5.14\httpmime-4.5.14.jar;C:\Users\andre\.m2\repository\org\hamcrest\hamcrest\2.2\hamcrest-2.2.jar;C:\Users\andre\.m2\repository\org\ccil\cowan\tagsoup\tagsoup\1.2.1\tagsoup-1.2.1.jar;C:\Users\andre\.m2\repository\io\rest-assured\json-path\5.4.0\json-path-5.4.0.jar;C:\Users\andre\.m2\repository\org\apache\groovy\groovy-json\4.0.16\groovy-json-4.0.16.jar;C:\Users\andre\.m2\repository\io\rest-assured\rest-assured-common\5.4.0\rest-assured-common-5.4.0.jar;C:\Users\andre\.m2\repository\io\rest-assured\xml-path\5.4.0\xml-path-5.4.0.jar;C:\Users\andre\.m2\repository\org\apache\commons\commons-lang3\3.14.0\commons-lang3-3.14.0.jar;C:\Users\andre\.m2\repository\io\quarkus\quarkus-smallrye-openapi\3.9.4\quarkus-smallrye-openapi-3.9.4.jar;C:\Users\andre\.m2\repository\io\smallrye\smallrye-open-api-core\3.10.0\smallrye-open-api-core-3.10.0.jar;C:\Users\andre\.m2\repository\org\eclipse\microprofile\openapi\microprofile-openapi-api\3.1.1\microprofile-openapi-api-3.1.1.jar;C:\Users\andre\.m2\repository\org\eclipse\microprofile\config\microprofile-config-api\3.0.3\microprofile-config-api-3.0.3.jar;C:\Users\andre\.m2\repository\com\fasterxml\jackson\core\jackson-core\2.17.0\jackson-core-2.17.0.jar;C:\Users\andre\.m2\repository\com\fasterxml\jackson\core\jackson-databind\2.17.0\jackson-databind-2.17.0.jar;C:\Users\andre\.m2\repository\com\fasterxml\jackson\core\jackson-annotations\2.17.0\jackson-annotations-2.17.0.jar;C:\Users\andre\.m2\repository\com\fasterxml\jackson\dataformat\jackson-dataformat-yaml\2.17.0\jackson-dataformat-yaml-2.17.0.jar;C:\Users\andre\.m2\repository\org\yaml\snakeyaml\2.2\snakeyaml-2.2.jar;C:\Users\andre\.m2\repository\io\quarkus\quarkus-swagger-ui\3.9.4\quarkus-swagger-ui-3.9.4.jar;"/>
    <property name="java.vm.vendor" value="Oracle Corporation"/>
    <property name="sun.arch.data.model" value="64"/>
    <property name="user.variant" value=""/>
    <property name="java.vendor.url" value="https://java.oracle.com/"/>
    <property name="user.timezone" value="Europe/Zurich"/>
    <property name="logging.initial-configurator.min-level" value="500"/>
    <property name="java.vm.specification.version" value="21"/>
    <property name="os.name" value="Windows 11"/>
    <property name="sun.java.launcher" value="SUN_STANDARD"/>
    <property name="user.country" value="CH"/>
    <property name="groovy.use.classvalue" value="false"/>
    <property name="mp.openapi.extensions.smallrye.defaultProduces" value="application/json"/>
    <property name="sun.boot.library.path" value="C:\Program Files\Java\jdk-21\bin"/>
    <property name="sun.java.command" value="C:\Users\andre\AppData\Local\Temp\surefire9199867689417688471\surefirebooter-20240612090512185_3.jar C:\Users\andre\AppData\Local\Temp\surefire9199867689417688471 2024-06-12T09-05-12_053-jvmRun1 surefire-20240612090512185_1tmp surefire_0-20240612090512185_2tmp"/>
    <property name="jdk.debug" value="release"/>
    <property name="maven.home" value="C:\Users\andre\.m2\wrapper\dists\apache-maven-3.9.6-bin\3311e1d4\apache-maven-3.9.6"/>
    <property name="surefire.test.class.path" value="C:\01_DevWorkspace\Java Quarkus\01_HftmProjects\Hftm_IN306_BlogService\target\test-classes;C:\01_DevWorkspace\Java Quarkus\01_HftmProjects\Hftm_IN306_BlogService\target\classes;C:\Users\andre\.m2\repository\org\projectlombok\lombok\1.18.32\lombok-1.18.32.jar;C:\Users\andre\.m2\repository\io\quarkus\quarkus-rest-client-jsonb\3.9.4\quarkus-rest-client-jsonb-3.9.4.jar;C:\Users\andre\.m2\repository\io\quarkus\resteasy\reactive\resteasy-reactive-jsonb\3.9.4\resteasy-reactive-jsonb-3.9.4.jar;C:\Users\andre\.m2\repository\io\quarkus\resteasy\reactive\resteasy-reactive\3.9.4\resteasy-reactive-3.9.4.jar;C:\Users\andre\.m2\repository\org\eclipse\yasson\3.0.3\yasson-3.0.3.jar;C:\Users\andre\.m2\repository\jakarta\json\jakarta.json-api\2.1.3\jakarta.json-api-2.1.3.jar;C:\Users\andre\.m2\repository\jakarta\json\bind\jakarta.json.bind-api\3.0.0\jakarta.json.bind-api-3.0.0.jar;C:\Users\andre\.m2\repository\jakarta\annotation\jakarta.annotation-api\2.1.1\jakarta.annotation-api-2.1.1.jar;C:\Users\andre\.m2\repository\org\jboss\logging\commons-logging-jboss-logging\1.0.0.Final\commons-logging-jboss-logging-1.0.0.Final.jar;C:\Users\andre\.m2\repository\jakarta\xml\bind\jakarta.xml.bind-api\4.0.2\jakarta.xml.bind-api-4.0.2.jar;C:\Users\andre\.m2\repository\jakarta\activation\jakarta.activation-api\2.1.3\jakarta.activation-api-2.1.3.jar;C:\Users\andre\.m2\repository\org\jboss\logging\jboss-logging\3.5.3.Final\jboss-logging-3.5.3.Final.jar;C:\Users\andre\.m2\repository\io\quarkus\quarkus-rest-jsonb-common\3.9.4\quarkus-rest-jsonb-common-3.9.4.jar;C:\Users\andre\.m2\repository\io\quarkus\quarkus-jsonb\3.9.4\quarkus-jsonb-3.9.4.jar;C:\Users\andre\.m2\repository\io\quarkus\quarkus-rest-client\3.9.4\quarkus-rest-client-3.9.4.jar;C:\Users\andre\.m2\repository\io\quarkus\quarkus-rest-client-jaxrs\3.9.4\quarkus-rest-client-jaxrs-3.9.4.jar;C:\Users\andre\.m2\repository\io\quarkus\resteasy\reactive\resteasy-reactive-client\3.9.4\resteasy-reactive-client-3.9.4.jar;C:\Users\andre\.m2\repository\io\vertx\vertx-web-client\4.5.7\vertx-web-client-4.5.7.jar;C:\Users\andre\.m2\repository\io\quarkus\quarkus-smallrye-stork\3.9.4\quarkus-smallrye-stork-3.9.4.jar;C:\Users\andre\.m2\repository\io\quarkus\quarkus-rest-client-config\3.9.4\quarkus-rest-client-config-3.9.4.jar;C:\Users\andre\.m2\repository\io\smallrye\stork\stork-api\2.6.0\stork-api-2.6.0.jar;C:\Users\andre\.m2\repository\io\smallrye\stork\stork-core\2.6.0\stork-core-2.6.0.jar;C:\Users\andre\.m2\repository\org\eclipse\microprofile\rest\client\microprofile-rest-client-api\3.0.1\microprofile-rest-client-api-3.0.1.jar;C:\Users\andre\.m2\repository\io\quarkus\quarkus-rest-jackson\3.9.4\quarkus-rest-jackson-3.9.4.jar;C:\Users\andre\.m2\repository\io\quarkus\quarkus-rest-jackson-common\3.9.4\quarkus-rest-jackson-common-3.9.4.jar;C:\Users\andre\.m2\repository\io\quarkus\resteasy\reactive\resteasy-reactive-jackson\3.9.4\resteasy-reactive-jackson-3.9.4.jar;C:\Users\andre\.m2\repository\io\quarkus\quarkus-jackson\3.9.4\quarkus-jackson-3.9.4.jar;C:\Users\andre\.m2\repository\com\fasterxml\jackson\datatype\jackson-datatype-jsr310\2.17.0\jackson-datatype-jsr310-2.17.0.jar;C:\Users\andre\.m2\repository\com\fasterxml\jackson\datatype\jackson-datatype-jdk8\2.17.0\jackson-datatype-jdk8-2.17.0.jar;C:\Users\andre\.m2\repository\com\fasterxml\jackson\module\jackson-module-parameter-names\2.17.0\jackson-module-parameter-names-2.17.0.jar;C:\Users\andre\.m2\repository\io\quarkus\quarkus-arc\3.9.4\quarkus-arc-3.9.4.jar;C:\Users\andre\.m2\repository\io\quarkus\arc\arc\3.9.4\arc-3.9.4.jar;C:\Users\andre\.m2\repository\jakarta\enterprise\jakarta.enterprise.cdi-api\4.0.1\jakarta.enterprise.cdi-api-4.0.1.jar;C:\Users\andre\.m2\repository\jakarta\enterprise\jakarta.enterprise.lang-model\4.0.1\jakarta.enterprise.lang-model-4.0.1.jar;C:\Users\andre\.m2\repository\jakarta\el\jakarta.el-api\5.0.1\jakarta.el-api-5.0.1.jar;C:\Users\andre\.m2\repository\jakarta\interceptor\jakarta.interceptor-api\2.1.0\jakarta.interceptor-api-2.1.0.jar;C:\Users\andre\.m2\repository\jakarta\transaction\jakarta.transaction-api\2.0.1\jakarta.transaction-api-2.0.1.jar;C:\Users\andre\.m2\repository\io\smallrye\reactive\mutiny\2.5.8\mutiny-2.5.8.jar;C:\Users\andre\.m2\repository\io\smallrye\common\smallrye-common-annotation\2.3.0\smallrye-common-annotation-2.3.0.jar;C:\Users\andre\.m2\repository\io\quarkus\quarkus-core\3.9.4\quarkus-core-3.9.4.jar;C:\Users\andre\.m2\repository\jakarta\inject\jakarta.inject-api\2.0.1\jakarta.inject-api-2.0.1.jar;C:\Users\andre\.m2\repository\io\smallrye\common\smallrye-common-os\2.3.0\smallrye-common-os-2.3.0.jar;C:\Users\andre\.m2\repository\io\quarkus\quarkus-ide-launcher\3.9.4\quarkus-ide-launcher-3.9.4.jar;C:\Users\andre\.m2\repository\io\quarkus\quarkus-development-mode-spi\3.9.4\quarkus-development-mode-spi-3.9.4.jar;C:\Users\andre\.m2\repository\io\smallrye\config\smallrye-config\3.7.1\smallrye-config-3.7.1.jar;C:\Users\andre\.m2\repository\io\smallrye\config\smallrye-config-core\3.7.1\smallrye-config-core-3.7.1.jar;C:\Users\andre\.m2\repository\io\smallrye\common\smallrye-common-classloader\2.3.0\smallrye-common-classloader-2.3.0.jar;C:\Users\andre\.m2\repository\io\smallrye\config\smallrye-config-common\3.7.1\smallrye-config-common-3.7.1.jar;C:\Users\andre\.m2\repository\org\jboss\logmanager\jboss-logmanager\3.0.4.Final\jboss-logmanager-3.0.4.Final.jar;C:\Users\andre\.m2\repository\io\smallrye\common\smallrye-common-constraint\2.3.0\smallrye-common-constraint-2.3.0.jar;C:\Users\andre\.m2\repository\io\smallrye\common\smallrye-common-cpu\2.3.0\smallrye-common-cpu-2.3.0.jar;C:\Users\andre\.m2\repository\io\smallrye\common\smallrye-common-expression\2.3.0\smallrye-common-expression-2.3.0.jar;C:\Users\andre\.m2\repository\io\smallrye\common\smallrye-common-function\2.3.0\smallrye-common-function-2.3.0.jar;C:\Users\andre\.m2\repository\io\smallrye\common\smallrye-common-net\2.3.0\smallrye-common-net-2.3.0.jar;C:\Users\andre\.m2\repository\io\smallrye\common\smallrye-common-ref\2.3.0\smallrye-common-ref-2.3.0.jar;C:\Users\andre\.m2\repository\org\jboss\logging\jboss-logging-annotations\2.2.1.Final\jboss-logging-annotations-2.2.1.Final.jar;C:\Users\andre\.m2\repository\org\jboss\threads\jboss-threads\3.6.1.Final\jboss-threads-3.6.1.Final.jar;C:\Users\andre\.m2\repository\org\slf4j\slf4j-api\2.0.6\slf4j-api-2.0.6.jar;C:\Users\andre\.m2\repository\org\jboss\slf4j\slf4j-jboss-logmanager\2.0.0.Final\slf4j-jboss-logmanager-2.0.0.Final.jar;C:\Users\andre\.m2\repository\org\wildfly\common\wildfly-common\1.7.0.Final\wildfly-common-1.7.0.Final.jar;C:\Users\andre\.m2\repository\io\quarkus\quarkus-bootstrap-runner\3.9.4\quarkus-bootstrap-runner-3.9.4.jar;C:\Users\andre\.m2\repository\io\quarkus\quarkus-fs-util\0.0.10\quarkus-fs-util-0.0.10.jar;C:\Users\andre\.m2\repository\org\eclipse\microprofile\context-propagation\microprofile-context-propagation-api\1.3\microprofile-context-propagation-api-1.3.jar;C:\Users\andre\.m2\repository\io\quarkus\quarkus-rest\3.9.4\quarkus-rest-3.9.4.jar;C:\Users\andre\.m2\repository\io\quarkus\quarkus-rest-common\3.9.4\quarkus-rest-common-3.9.4.jar;C:\Users\andre\.m2\repository\io\quarkus\resteasy\reactive\resteasy-reactive-common\3.9.4\resteasy-reactive-common-3.9.4.jar;C:\Users\andre\.m2\repository\io\quarkus\resteasy\reactive\resteasy-reactive-common-types\3.9.4\resteasy-reactive-common-types-3.9.4.jar;C:\Users\andre\.m2\repository\org\reactivestreams\reactive-streams\1.0.4\reactive-streams-1.0.4.jar;C:\Users\andre\.m2\repository\io\smallrye\reactive\mutiny-zero-flow-adapters\1.0.0\mutiny-zero-flow-adapters-1.0.0.jar;C:\Users\andre\.m2\repository\io\quarkus\quarkus-mutiny\3.9.4\quarkus-mutiny-3.9.4.jar;C:\Users\andre\.m2\repository\io\quarkus\quarkus-smallrye-context-propagation\3.9.4\quarkus-smallrye-context-propagation-3.9.4.jar;C:\Users\andre\.m2\repository\io\smallrye\smallrye-context-propagation\2.1.0\smallrye-context-propagation-2.1.0.jar;C:\Users\andre\.m2\repository\io\smallrye\smallrye-context-propagation-api\2.1.0\smallrye-context-propagation-api-2.1.0.jar;C:\Users\andre\.m2\repository\io\smallrye\smallrye-context-propagation-storage\2.1.0\smallrye-context-propagation-storage-2.1.0.jar;C:\Users\andre\.m2\repository\io\smallrye\reactive\mutiny-smallrye-context-propagation\2.5.8\mutiny-smallrye-context-propagation-2.5.8.jar;C:\Users\andre\.m2\repository\io\quarkus\quarkus-vertx\3.9.4\quarkus-vertx-3.9.4.jar;C:\Users\andre\.m2\repository\io\quarkus\quarkus-netty\3.9.4\quarkus-netty-3.9.4.jar;C:\Users\andre\.m2\repository\io\netty\netty-codec\4.1.108.Final\netty-codec-4.1.108.Final.jar;C:\Users\andre\.m2\repository\com\aayushatharva\brotli4j\brotli4j\1.16.0\brotli4j-1.16.0.jar;C:\Users\andre\.m2\repository\com\aayushatharva\brotli4j\service\1.16.0\service-1.16.0.jar;C:\Users\andre\.m2\repository\com\aayushatharva\brotli4j\native-windows-x86_64\1.16.0\native-windows-x86_64-1.16.0.jar;C:\Users\andre\.m2\repository\io\netty\netty-codec-haproxy\4.1.108.Final\netty-codec-haproxy-4.1.108.Final.jar;C:\Users\andre\.m2\repository\io\quarkus\quarkus-vertx-latebound-mdc-provider\3.9.4\quarkus-vertx-latebound-mdc-provider-3.9.4.jar;C:\Users\andre\.m2\repository\io\smallrye\smallrye-fault-tolerance-vertx\6.2.6\smallrye-fault-tolerance-vertx-6.2.6.jar;C:\Users\andre\.m2\repository\io\quarkus\resteasy\reactive\resteasy-reactive-vertx\3.9.4\resteasy-reactive-vertx-3.9.4.jar;C:\Users\andre\.m2\repository\io\vertx\vertx-web\4.5.7\vertx-web-4.5.7.jar;C:\Users\andre\.m2\repository\io\vertx\vertx-web-common\4.5.7\vertx-web-common-4.5.7.jar;C:\Users\andre\.m2\repository\io\vertx\vertx-auth-common\4.5.7\vertx-auth-common-4.5.7.jar;C:\Users\andre\.m2\repository\io\vertx\vertx-bridge-common\4.5.7\vertx-bridge-common-4.5.7.jar;C:\Users\andre\.m2\repository\io\smallrye\reactive\smallrye-mutiny-vertx-core\3.11.0\smallrye-mutiny-vertx-core-3.11.0.jar;C:\Users\andre\.m2\repository\io\smallrye\reactive\smallrye-mutiny-vertx-runtime\3.11.0\smallrye-mutiny-vertx-runtime-3.11.0.jar;C:\Users\andre\.m2\repository\io\smallrye\reactive\vertx-mutiny-generator\3.11.0\vertx-mutiny-generator-3.11.0.jar;C:\Users\andre\.m2\repository\io\vertx\vertx-codegen\4.5.7\vertx-codegen-4.5.7.jar;C:\Users\andre\.m2\repository\jakarta\ws\rs\jakarta.ws.rs-api\3.1.0\jakarta.ws.rs-api-3.1.0.jar;C:\Users\andre\.m2\repository\io\quarkus\quarkus-vertx-http\3.9.4\quarkus-vertx-http-3.9.4.jar;C:\Users\andre\.m2\repository\io\quarkus\quarkus-security-runtime-spi\3.9.4\quarkus-security-runtime-spi-3.9.4.jar;C:\Users\andre\.m2\repository\io\quarkus\quarkus-credentials\3.9.4\quarkus-credentials-3.9.4.jar;C:\Users\andre\.m2\repository\io\smallrye\common\smallrye-common-vertx-context\2.3.0\smallrye-common-vertx-context-2.3.0.jar;C:\Users\andre\.m2\repository\io\quarkus\security\quarkus-security\2.0.3.Final\quarkus-security-2.0.3.Final.jar;C:\Users\andre\.m2\repository\io\smallrye\reactive\smallrye-mutiny-vertx-web\3.11.0\smallrye-mutiny-vertx-web-3.11.0.jar;C:\Users\andre\.m2\repository\io\smallrye\reactive\smallrye-mutiny-vertx-web-common\3.11.0\smallrye-mutiny-vertx-web-common-3.11.0.jar;C:\Users\andre\.m2\repository\io\smallrye\reactive\smallrye-mutiny-vertx-auth-common\3.11.0\smallrye-mutiny-vertx-auth-common-3.11.0.jar;C:\Users\andre\.m2\repository\io\smallrye\reactive\smallrye-mutiny-vertx-bridge-common\3.11.0\smallrye-mutiny-vertx-bridge-common-3.11.0.jar;C:\Users\andre\.m2\repository\io\smallrye\reactive\smallrye-mutiny-vertx-uri-template\3.11.0\smallrye-mutiny-vertx-uri-template-3.11.0.jar;C:\Users\andre\.m2\repository\io\vertx\vertx-uri-template\4.5.7\vertx-uri-template-4.5.7.jar;C:\Users\andre\.m2\repository\io\github\crac\org-crac\0.1.3\org-crac-0.1.3.jar;C:\Users\andre\.m2\repository\io\quarkus\quarkus-jsonp\3.9.4\quarkus-jsonp-3.9.4.jar;C:\Users\andre\.m2\repository\org\eclipse\parsson\parsson\1.1.5\parsson-1.1.5.jar;C:\Users\andre\.m2\repository\io\quarkus\quarkus-virtual-threads\3.9.4\quarkus-virtual-threads-3.9.4.jar;C:\Users\andre\.m2\repository\io\vertx\vertx-core\4.5.7\vertx-core-4.5.7.jar;C:\Users\andre\.m2\repository\io\netty\netty-common\4.1.108.Final\netty-common-4.1.108.Final.jar;C:\Users\andre\.m2\repository\io\netty\netty-buffer\4.1.108.Final\netty-buffer-4.1.108.Final.jar;C:\Users\andre\.m2\repository\io\netty\netty-transport\4.1.108.Final\netty-transport-4.1.108.Final.jar;C:\Users\andre\.m2\repository\io\netty\netty-handler\4.1.108.Final\netty-handler-4.1.108.Final.jar;C:\Users\andre\.m2\repository\io\netty\netty-transport-native-unix-common\4.1.108.Final\netty-transport-native-unix-common-4.1.108.Final.jar;C:\Users\andre\.m2\repository\io\netty\netty-handler-proxy\4.1.108.Final\netty-handler-proxy-4.1.108.Final.jar;C:\Users\andre\.m2\repository\io\netty\netty-codec-socks\4.1.108.Final\netty-codec-socks-4.1.108.Final.jar;C:\Users\andre\.m2\repository\io\netty\netty-codec-http\4.1.108.Final\netty-codec-http-4.1.108.Final.jar;C:\Users\andre\.m2\repository\io\netty\netty-codec-http2\4.1.108.Final\netty-codec-http2-4.1.108.Final.jar;C:\Users\andre\.m2\repository\io\netty\netty-resolver\4.1.108.Final\netty-resolver-4.1.108.Final.jar;C:\Users\andre\.m2\repository\io\netty\netty-resolver-dns\4.1.108.Final\netty-resolver-dns-4.1.108.Final.jar;C:\Users\andre\.m2\repository\io\netty\netty-codec-dns\4.1.108.Final\netty-codec-dns-4.1.108.Final.jar;C:\Users\andre\.m2\repository\io\quarkus\quarkus-hibernate-orm-panache\3.9.4\quarkus-hibernate-orm-panache-3.9.4.jar;C:\Users\andre\.m2\repository\io\quarkus\quarkus-hibernate-orm\3.9.4\quarkus-hibernate-orm-3.9.4.jar;C:\Users\andre\.m2\repository\io\quarkus\quarkus-agroal\3.9.4\quarkus-agroal-3.9.4.jar;C:\Users\andre\.m2\repository\io\quarkus\quarkus-datasource\3.9.4\quarkus-datasource-3.9.4.jar;C:\Users\andre\.m2\repository\io\agroal\agroal-api\2.3\agroal-api-2.3.jar;C:\Users\andre\.m2\repository\io\agroal\agroal-narayana\2.3\agroal-narayana-2.3.jar;C:\Users\andre\.m2\repository\org\jboss\jboss-transaction-spi\8.0.0.Final\jboss-transaction-spi-8.0.0.Final.jar;C:\Users\andre\.m2\repository\io\agroal\agroal-pool\2.3\agroal-pool-2.3.jar;C:\Users\andre\.m2\repository\io\quarkus\quarkus-narayana-jta\3.9.4\quarkus-narayana-jta-3.9.4.jar;C:\Users\andre\.m2\repository\io\quarkus\quarkus-transaction-annotations\3.9.4\quarkus-transaction-annotations-3.9.4.jar;C:\Users\andre\.m2\repository\io\quarkus\quarkus-datasource-common\3.9.4\quarkus-datasource-common-3.9.4.jar;C:\Users\andre\.m2\repository\io\smallrye\smallrye-context-propagation-jta\2.1.0\smallrye-context-propagation-jta-2.1.0.jar;C:\Users\andre\.m2\repository\io\smallrye\reactive\smallrye-reactive-converter-api\3.0.1\smallrye-reactive-converter-api-3.0.1.jar;C:\Users\andre\.m2\repository\io\smallrye\reactive\smallrye-reactive-converter-mutiny\3.0.1\smallrye-reactive-converter-mutiny-3.0.1.jar;C:\Users\andre\.m2\repository\org\jboss\narayana\jta\narayana-jta\7.0.1.Final\narayana-jta-7.0.1.Final.jar;C:\Users\andre\.m2\repository\jakarta\resource\jakarta.resource-api\2.1.0\jakarta.resource-api-2.1.0.jar;C:\Users\andre\.m2\repository\org\jboss\invocation\jboss-invocation\2.0.0.Final\jboss-invocation-2.0.0.Final.jar;C:\Users\andre\.m2\repository\org\eclipse\microprofile\reactive-streams-operators\microprofile-reactive-streams-operators-api\3.0\microprofile-reactive-streams-operators-api-3.0.jar;C:\Users\andre\.m2\repository\org\jboss\narayana\jts\narayana-jts-integration\7.0.1.Final\narayana-jts-integration-7.0.1.Final.jar;C:\Users\andre\.m2\repository\org\hibernate\orm\hibernate-core\6.4.4.Final\hibernate-core-6.4.4.Final.jar;C:\Users\andre\.m2\repository\com\fasterxml\classmate\1.7.0\classmate-1.7.0.jar;C:\Users\andre\.m2\repository\org\antlr\antlr4-runtime\4.13.0\antlr4-runtime-4.13.0.jar;C:\Users\andre\.m2\repository\net\bytebuddy\byte-buddy\1.14.11\byte-buddy-1.14.11.jar;C:\Users\andre\.m2\repository\org\hibernate\common\hibernate-commons-annotations\6.0.6.Final\hibernate-commons-annotations-6.0.6.Final.jar;C:\Users\andre\.m2\repository\org\hibernate\orm\hibernate-graalvm\6.4.4.Final\hibernate-graalvm-6.4.4.Final.jar;C:\Users\andre\.m2\repository\org\glassfish\jaxb\jaxb-runtime\4.0.5\jaxb-runtime-4.0.5.jar;C:\Users\andre\.m2\repository\org\glassfish\jaxb\jaxb-core\4.0.5\jaxb-core-4.0.5.jar;C:\Users\andre\.m2\repository\org\eclipse\angus\angus-activation\2.0.2\angus-activation-2.0.2.jar;C:\Users\andre\.m2\repository\org\glassfish\jaxb\txw2\4.0.5\txw2-4.0.5.jar;C:\Users\andre\.m2\repository\com\sun\istack\istack-commons-runtime\4.1.2\istack-commons-runtime-4.1.2.jar;C:\Users\andre\.m2\repository\jakarta\persistence\jakarta.persistence-api\3.1.0\jakarta.persistence-api-3.1.0.jar;C:\Users\andre\.m2\repository\org\hibernate\quarkus-local-cache\0.3.0\quarkus-local-cache-0.3.0.jar;C:\Users\andre\.m2\repository\io\quarkus\quarkus-caffeine\3.9.4\quarkus-caffeine-3.9.4.jar;C:\Users\andre\.m2\repository\com\github\ben-manes\caffeine\caffeine\3.1.5\caffeine-3.1.5.jar;C:\Users\andre\.m2\repository\com\google\errorprone\error_prone_annotations\2.25.0\error_prone_annotations-2.25.0.jar;C:\Users\andre\.m2\repository\io\quarkus\quarkus-hibernate-orm-panache-common\3.9.4\quarkus-hibernate-orm-panache-common-3.9.4.jar;C:\Users\andre\.m2\repository\io\quarkus\quarkus-panache-hibernate-common\3.9.4\quarkus-panache-hibernate-common-3.9.4.jar;C:\Users\andre\.m2\repository\io\quarkus\quarkus-panache-common\3.9.4\quarkus-panache-common-3.9.4.jar;C:\Users\andre\.m2\repository\io\quarkus\quarkus-jdbc-mysql\3.9.4\quarkus-jdbc-mysql-3.9.4.jar;C:\Users\andre\.m2\repository\com\mysql\mysql-connector-j\8.3.0\mysql-connector-j-8.3.0.jar;C:\Users\andre\.m2\repository\io\quarkus\quarkus-junit5\3.9.4\quarkus-junit5-3.9.4.jar;C:\Users\andre\.m2\repository\io\quarkus\quarkus-bootstrap-core\3.9.4\quarkus-bootstrap-core-3.9.4.jar;C:\Users\andre\.m2\repository\io\quarkus\quarkus-bootstrap-app-model\3.9.4\quarkus-bootstrap-app-model-3.9.4.jar;C:\Users\andre\.m2\repository\io\smallrye\common\smallrye-common-io\2.3.0\smallrye-common-io-2.3.0.jar;C:\Users\andre\.m2\repository\org\eclipse\sisu\org.eclipse.sisu.inject\0.9.0.M2\org.eclipse.sisu.inject-0.9.0.M2.jar;C:\Users\andre\.m2\repository\io\quarkus\quarkus-test-common\3.9.4\quarkus-test-common-3.9.4.jar;C:\Users\andre\.m2\repository\io\quarkus\quarkus-core-deployment\3.9.4\quarkus-core-deployment-3.9.4.jar;C:\Users\andre\.m2\repository\org\aesh\readline\2.4\readline-2.4.jar;C:\Users\andre\.m2\repository\org\fusesource\jansi\jansi\2.4.0\jansi-2.4.0.jar;C:\Users\andre\.m2\repository\org\aesh\aesh\2.7\aesh-2.7.jar;C:\Users\andre\.m2\repository\io\quarkus\gizmo\gizmo\1.8.0\gizmo-1.8.0.jar;C:\Users\andre\.m2\repository\org\ow2\asm\asm-util\9.6\asm-util-9.6.jar;C:\Users\andre\.m2\repository\org\ow2\asm\asm-analysis\9.6\asm-analysis-9.6.jar;C:\Users\andre\.m2\repository\org\ow2\asm\asm\9.6\asm-9.6.jar;C:\Users\andre\.m2\repository\org\ow2\asm\asm-commons\9.6\asm-commons-9.6.jar;C:\Users\andre\.m2\repository\org\ow2\asm\asm-tree\9.6\asm-tree-9.6.jar;C:\Users\andre\.m2\repository\io\quarkus\quarkus-class-change-agent\3.9.4\quarkus-class-change-agent-3.9.4.jar;C:\Users\andre\.m2\repository\io\quarkus\quarkus-devtools-utilities\3.9.4\quarkus-devtools-utilities-3.9.4.jar;C:\Users\andre\.m2\repository\io\quarkus\quarkus-builder\3.9.4\quarkus-builder-3.9.4.jar;C:\Users\andre\.m2\repository\org\graalvm\sdk\nativeimage\23.1.2\nativeimage-23.1.2.jar;C:\Users\andre\.m2\repository\org\graalvm\sdk\word\23.1.2\word-23.1.2.jar;C:\Users\andre\.m2\repository\org\junit\platform\junit-platform-launcher\1.10.2\junit-platform-launcher-1.10.2.jar;C:\Users\andre\.m2\repository\io\quarkus\quarkus-bootstrap-maven-resolver\3.9.4\quarkus-bootstrap-maven-resolver-3.9.4.jar;C:\Users\andre\.m2\repository\io\smallrye\beanbag\smallrye-beanbag-maven\1.4.0\smallrye-beanbag-maven-1.4.0.jar;C:\Users\andre\.m2\repository\io\smallrye\beanbag\smallrye-beanbag-sisu\1.4.0\smallrye-beanbag-sisu-1.4.0.jar;C:\Users\andre\.m2\repository\io\smallrye\beanbag\smallrye-beanbag\1.4.0\smallrye-beanbag-1.4.0.jar;C:\Users\andre\.m2\repository\javax\inject\javax.inject\1\javax.inject-1.jar;C:\Users\andre\.m2\repository\org\apache\maven\maven-artifact\3.9.6\maven-artifact-3.9.6.jar;C:\Users\andre\.m2\repository\org\apache\maven\maven-builder-support\3.9.6\maven-builder-support-3.9.6.jar;C:\Users\andre\.m2\repository\org\apache\maven\maven-model\3.9.6\maven-model-3.9.6.jar;C:\Users\andre\.m2\repository\org\apache\maven\maven-model-builder\3.9.6\maven-model-builder-3.9.6.jar;C:\Users\andre\.m2\repository\org\apache\maven\maven-repository-metadata\3.9.6\maven-repository-metadata-3.9.6.jar;C:\Users\andre\.m2\repository\org\apache\maven\maven-settings\3.9.6\maven-settings-3.9.6.jar;C:\Users\andre\.m2\repository\org\apache\maven\resolver\maven-resolver-api\1.9.18\maven-resolver-api-1.9.18.jar;C:\Users\andre\.m2\repository\org\apache\maven\resolver\maven-resolver-impl\1.9.18\maven-resolver-impl-1.9.18.jar;C:\Users\andre\.m2\repository\org\apache\maven\resolver\maven-resolver-named-locks\1.9.18\maven-resolver-named-locks-1.9.18.jar;C:\Users\andre\.m2\repository\org\apache\maven\resolver\maven-resolver-spi\1.9.18\maven-resolver-spi-1.9.18.jar;C:\Users\andre\.m2\repository\org\apache\maven\resolver\maven-resolver-util\1.9.18\maven-resolver-util-1.9.18.jar;C:\Users\andre\.m2\repository\org\apache\maven\resolver\maven-resolver-transport-http\1.9.18\maven-resolver-transport-http-1.9.18.jar;C:\Users\andre\.m2\repository\org\apache\maven\wagon\wagon-provider-api\3.5.3\wagon-provider-api-3.5.3.jar;C:\Users\andre\.m2\repository\org\apache\maven\wagon\wagon-http-shared\3.5.3\wagon-http-shared-3.5.3.jar;C:\Users\andre\.m2\repository\org\codehaus\plexus\plexus-interpolation\1.26\plexus-interpolation-1.26.jar;C:\Users\andre\.m2\repository\org\codehaus\plexus\plexus-utils\3.5.1\plexus-utils-3.5.1.jar;C:\Users\andre\.m2\repository\org\codehaus\plexus\plexus-xml\4.0.0\plexus-xml-4.0.0.jar;C:\Users\andre\.m2\repository\org\apache\maven\maven-xml-impl\4.0.0-alpha-5\maven-xml-impl-4.0.0-alpha-5.jar;C:\Users\andre\.m2\repository\org\apache\maven\maven-api-xml\4.0.0-alpha-5\maven-api-xml-4.0.0-alpha-5.jar;C:\Users\andre\.m2\repository\org\apache\maven\maven-api-meta\4.0.0-alpha-5\maven-api-meta-4.0.0-alpha-5.jar;C:\Users\andre\.m2\repository\org\codehaus\plexus\plexus-cipher\2.0\plexus-cipher-2.0.jar;C:\Users\andre\.m2\repository\org\codehaus\plexus\plexus-sec-dispatcher\2.0\plexus-sec-dispatcher-2.0.jar;C:\Users\andre\.m2\repository\org\apache\maven\maven-embedder\3.9.6\maven-embedder-3.9.6.jar;C:\Users\andre\.m2\repository\org\apache\maven\maven-core\3.9.6\maven-core-3.9.6.jar;C:\Users\andre\.m2\repository\org\codehaus\plexus\plexus-component-annotations\2.1.0\plexus-component-annotations-2.1.0.jar;C:\Users\andre\.m2\repository\org\apache\maven\maven-plugin-api\3.9.6\maven-plugin-api-3.9.6.jar;C:\Users\andre\.m2\repository\org\apache\maven\shared\maven-shared-utils\3.3.4\maven-shared-utils-3.3.4.jar;C:\Users\andre\.m2\repository\com\google\inject\guice\5.1.0\guice-5.1.0.jar;C:\Users\andre\.m2\repository\aopalliance\aopalliance\1.0\aopalliance-1.0.jar;C:\Users\andre\.m2\repository\com\google\guava\guava\33.0.0-jre\guava-33.0.0-jre.jar;C:\Users\andre\.m2\repository\com\google\guava\failureaccess\1.0.1\failureaccess-1.0.1.jar;C:\Users\andre\.m2\repository\javax\annotation\javax.annotation-api\1.3.2\javax.annotation-api-1.3.2.jar;C:\Users\andre\.m2\repository\org\codehaus\plexus\plexus-classworlds\2.6.0\plexus-classworlds-2.6.0.jar;C:\Users\andre\.m2\repository\commons-cli\commons-cli\1.5.0\commons-cli-1.5.0.jar;C:\Users\andre\.m2\repository\org\eclipse\sisu\org.eclipse.sisu.plexus\0.9.0.M2\org.eclipse.sisu.plexus-0.9.0.M2.jar;C:\Users\andre\.m2\repository\org\apache\maven\maven-settings-builder\3.9.6\maven-settings-builder-3.9.6.jar;C:\Users\andre\.m2\repository\org\apache\maven\maven-resolver-provider\3.9.6\maven-resolver-provider-3.9.6.jar;C:\Users\andre\.m2\repository\org\apache\maven\resolver\maven-resolver-connector-basic\1.9.18\maven-resolver-connector-basic-1.9.18.jar;C:\Users\andre\.m2\repository\org\apache\maven\resolver\maven-resolver-transport-wagon\1.9.18\maven-resolver-transport-wagon-1.9.18.jar;C:\Users\andre\.m2\repository\org\apache\maven\wagon\wagon-http\3.5.3\wagon-http-3.5.3.jar;C:\Users\andre\.m2\repository\org\apache\maven\wagon\wagon-file\3.5.3\wagon-file-3.5.3.jar;C:\Users\andre\.m2\repository\io\quarkus\quarkus-bootstrap-gradle-resolver\3.9.4\quarkus-bootstrap-gradle-resolver-3.9.4.jar;C:\Users\andre\.m2\repository\io\smallrye\jandex\3.1.6\jandex-3.1.6.jar;C:\Users\andre\.m2\repository\commons-io\commons-io\2.15.1\commons-io-2.15.1.jar;C:\Users\andre\.m2\repository\io\quarkus\quarkus-junit5-properties\3.9.4\quarkus-junit5-properties-3.9.4.jar;C:\Users\andre\.m2\repository\org\junit\jupiter\junit-jupiter\5.10.2\junit-jupiter-5.10.2.jar;C:\Users\andre\.m2\repository\org\junit\jupiter\junit-jupiter-api\5.10.2\junit-jupiter-api-5.10.2.jar;C:\Users\andre\.m2\repository\org\opentest4j\opentest4j\1.3.0\opentest4j-1.3.0.jar;C:\Users\andre\.m2\repository\org\junit\platform\junit-platform-commons\1.10.2\junit-platform-commons-1.10.2.jar;C:\Users\andre\.m2\repository\org\apiguardian\apiguardian-api\1.1.2\apiguardian-api-1.1.2.jar;C:\Users\andre\.m2\repository\org\junit\jupiter\junit-jupiter-params\5.10.2\junit-jupiter-params-5.10.2.jar;C:\Users\andre\.m2\repository\org\junit\jupiter\junit-jupiter-engine\5.10.2\junit-jupiter-engine-5.10.2.jar;C:\Users\andre\.m2\repository\org\junit\platform\junit-platform-engine\1.10.2\junit-platform-engine-1.10.2.jar;C:\Users\andre\.m2\repository\com\thoughtworks\xstream\xstream\1.4.20\xstream-1.4.20.jar;C:\Users\andre\.m2\repository\io\github\x-stream\mxparser\1.2.2\mxparser-1.2.2.jar;C:\Users\andre\.m2\repository\xmlpull\xmlpull\1.1.3.1\xmlpull-1.1.3.1.jar;C:\Users\andre\.m2\repository\io\rest-assured\rest-assured\5.4.0\rest-assured-5.4.0.jar;C:\Users\andre\.m2\repository\org\apache\groovy\groovy\4.0.16\groovy-4.0.16.jar;C:\Users\andre\.m2\repository\org\apache\groovy\groovy-xml\4.0.16\groovy-xml-4.0.16.jar;C:\Users\andre\.m2\repository\org\apache\httpcomponents\httpclient\4.5.14\httpclient-4.5.14.jar;C:\Users\andre\.m2\repository\org\apache\httpcomponents\httpcore\4.4.16\httpcore-4.4.16.jar;C:\Users\andre\.m2\repository\commons-codec\commons-codec\1.16.1\commons-codec-1.16.1.jar;C:\Users\andre\.m2\repository\org\apache\httpcomponents\httpmime\4.5.14\httpmime-4.5.14.jar;C:\Users\andre\.m2\repository\org\hamcrest\hamcrest\2.2\hamcrest-2.2.jar;C:\Users\andre\.m2\repository\org\ccil\cowan\tagsoup\tagsoup\1.2.1\tagsoup-1.2.1.jar;C:\Users\andre\.m2\repository\io\rest-assured\json-path\5.4.0\json-path-5.4.0.jar;C:\Users\andre\.m2\repository\org\apache\groovy\groovy-json\4.0.16\groovy-json-4.0.16.jar;C:\Users\andre\.m2\repository\io\rest-assured\rest-assured-common\5.4.0\rest-assured-common-5.4.0.jar;C:\Users\andre\.m2\repository\io\rest-assured\xml-path\5.4.0\xml-path-5.4.0.jar;C:\Users\andre\.m2\repository\org\apache\commons\commons-lang3\3.14.0\commons-lang3-3.14.0.jar;C:\Users\andre\.m2\repository\io\quarkus\quarkus-smallrye-openapi\3.9.4\quarkus-smallrye-openapi-3.9.4.jar;C:\Users\andre\.m2\repository\io\smallrye\smallrye-open-api-core\3.10.0\smallrye-open-api-core-3.10.0.jar;C:\Users\andre\.m2\repository\org\eclipse\microprofile\openapi\microprofile-openapi-api\3.1.1\microprofile-openapi-api-3.1.1.jar;C:\Users\andre\.m2\repository\org\eclipse\microprofile\config\microprofile-config-api\3.0.3\microprofile-config-api-3.0.3.jar;C:\Users\andre\.m2\repository\com\fasterxml\jackson\core\jackson-core\2.17.0\jackson-core-2.17.0.jar;C:\Users\andre\.m2\repository\com\fasterxml\jackson\core\jackson-databind\2.17.0\jackson-databind-2.17.0.jar;C:\Users\andre\.m2\repository\com\fasterxml\jackson\core\jackson-annotations\2.17.0\jackson-annotations-2.17.0.jar;C:\Users\andre\.m2\repository\com\fasterxml\jackson\dataformat\jackson-dataformat-yaml\2.17.0\jackson-dataformat-yaml-2.17.0.jar;C:\Users\andre\.m2\repository\org\yaml\snakeyaml\2.2\snakeyaml-2.2.jar;C:\Users\andre\.m2\repository\io\quarkus\quarkus-swagger-ui\3.9.4\quarkus-swagger-ui-3.9.4.jar;"/>
    <property name="sun.cpu.endian" value="little"/>
    <property name="vertx.disableWebsockets" value="true"/>
    <property name="user.home" value="C:\Users\andre"/>
    <property name="user.language" value="de"/>
    <property name="jboss.log-version" value="false"/>
    <property name="mp.openapi.extensions.smallrye.defaultPrimitivesConsumes" value="text/plain"/>
    <property name="java.specification.vendor" value="Oracle Corporation"/>
    <property name="io.netty.allocator.maxOrder" value="3"/>
    <property name="java.version.date" value="2024-04-16"/>
    <property name="java.home" value="C:\Program Files\Java\jdk-21"/>
    <property name="file.separator" value="\"/>
    <property name="basedir" value="C:\01_DevWorkspace\Java Quarkus\01_HftmProjects\Hftm_IN306_BlogService"/>
    <property name="java.vm.compressedOopsMode" value="Zero based"/>
    <property name="line.separator" value="&#10;"/>
    <property name="java.vm.specification.vendor" value="Oracle Corporation"/>
    <property name="java.specification.name" value="Java Platform API Specification"/>
    <property name="surefire.real.class.path" value="C:\Users\andre\AppData\Local\Temp\surefire9199867689417688471\surefirebooter-20240612090512185_3.jar"/>
    <property name="mp.openapi.extensions.smallrye.defaultStreamingConsumes" value="application/octet-stream"/>
    <property name="user.script" value=""/>
    <property name="sun.management.compiler" value="HotSpot 64-Bit Tiered Compilers"/>
    <property name="mp.openapi.extensions.smallrye.defaultPrimitivesProduces" value="text/plain"/>
    <property name="java.runtime.version" value="21.0.3+7-LTS-152"/>
    <property name="user.name" value="andre"/>
    <property name="com.mysql.cj.disableAbandonedConnectionCleanup" value="true"/>
    <property name="stdout.encoding" value="Cp1252"/>
    <property name="path.separator" value=";"/>
    <property name="os.version" value="10.0"/>
    <property name="java.runtime.name" value="Java(TM) SE Runtime Environment"/>
    <property name="file.encoding" value="UTF-8"/>
    <property name="java.vm.name" value="Java HotSpot(TM) 64-Bit Server VM"/>
    <property name="localRepository" value="C:\Users\andre\.m2\repository"/>
    <property name="java.vendor.url.bug" value="https://bugreport.java.com/bugreport/"/>
    <property name="java.io.tmpdir" value="C:\Users\andre\AppData\Local\Temp\"/>
    <property name="quarkus.log.file.path" value="target\quarkus.log"/>
    <property name="java.version" value="21.0.3"/>
    <property name="mp.openapi.extensions.smallrye.defaultStreamingProduces" value="application/octet-stream"/>
    <property name="java.util.concurrent.ForkJoinPool.common.threadFactory" value="io.quarkus.bootstrap.forkjoin.QuarkusForkJoinWorkerThreadFactory"/>
    <property name="user.dir" value="C:\01_DevWorkspace\Java Quarkus\01_HftmProjects\Hftm_IN306_BlogService"/>
    <property name="os.arch" value="amd64"/>
    <property name="java.vm.specification.name" value="Java Virtual Machine Specification"/>
    <property name="vertx.disableDnsResolver" value="true"/>
    <property name="sun.os.patch.level" value=""/>
    <property name="native.encoding" value="Cp1252"/>
    <property name="java.util.logging.manager" value="org.jboss.logmanager.LogManager"/>
    <property name="java.library.path" value="C:\Program Files\Java\jdk-21\bin;C:\WINDOWS\Sun\Java\bin;C:\WINDOWS\system32;C:\WINDOWS;C:\Program Files\PowerShell\7;C:\Python312\Scripts\;C:\Python312\;C:\apache-maven-3.9.6\bin;C:\Program Files\Common Files\Oracle\Java\javapath;C:\Program Files (x86)\Common Files\Oracle\Java\java8path;C:\Program Files (x86)\Common Files\Oracle\Java\javapath;C:\Program Files\Microsoft MPI\Bin\;C:\WINDOWS\system32;C:\WINDOWS;C:\WINDOWS\System32\Wbem;C:\WINDOWS\System32\WindowsPowerShell\v1.0\;C:\WINDOWS\System32\OpenSSH\;C:\Program Files (x86)\NVIDIA Corporation\PhysX\Common;C:\Program Files\Oracle SQL Developer\bin;C:\Program Files (x86)\Microsoft SQL Server\160\DTS\Binn\;C:\Program Files\Azure Data Studio\bin;C:\Program Files (x86)\Microsoft SQL Server\160\Tools\Binn\;C:\Program Files\Microsoft SQL Server\160\Tools\Binn\;C:\Program Files\Microsoft SQL Server\160\DTS\Binn\;C:\Program Files\nodejs\;C:\Program Files\Microsoft SQL Server\150\Tools\Binn\;C:\Program Files\PowerShell\7\;C:\Program Files\dotnet\;C:\Program Files\Docker\Docker\resources\bin;C:\Program Files (x86)\Windows Kits\10\Windows Performance Toolkit\;C:\ProgramData\chocolatey\bin;C:\Program Files\Git\cmd;C:\apache-maven-3.9.6\bin;C:\Development\Flutter\flutter\bin;C:\Users\andre\AppData\Local\Microsoft\WindowsApps;C:\Development\Microsoft VS Code\bin;C:\Users\andre\AppData\Local\GitHubDesktop\bin;%IntelliJ IDEA Community Edition%;C:\Program Files\Azure Data Studio\bin;C:\texlive\2023\bin\windows;C:\Users\andre\AppData\Roaming\npm;C:\Development\JetBrains Webstorm\WebStorm 2023.3.4\bin;;C:\Program Files\JetBrains\JetBrains Rider 2024.1.1\bin;;C:\Program Files\JetBrains\IntelliJ IDEA 2024.1\bin;;C:\Development\Dart\dart-sdk\bin;C:\Users\andre\.dotnet\tools;."/>
    <property name="java.vm.info" value="mixed mode, sharing"/>
    <property name="stderr.encoding" value="Cp1252"/>
    <property name="java.vendor" value="Oracle Corporation"/>
    <property name="vertx.disableTCCL" value="true"/>
    <property name="java.vm.version" value="21.0.3+7-LTS-152"/>
    <property name="sun.io.unicode.encoding" value="UnicodeLittle"/>
    <property name="io.netty.machineId" value="46:b3:48:17:b0:be:fa:5b"/>
    <property name="java.class.version" value="65.0"/>
    <property name="mp.openapi.extensions.smallrye.defaultConsumes" value="application/json"/>
  </properties>
  <testcase name="updatingBlog" classname="ch.hftm.blog.control.BlogServiceTest" time="0.425">
    <system-out><![CDATA[2024-06-12 09:05:15,666 INFO  [org.tes.doc.DockerClientProviderStrategy] (build-8) Loaded org.testcontainers.dockerclient.NpipeSocketClientProviderStrategy from ~/.testcontainers.properties, will try it first
2024-06-12 09:05:16,161 INFO  [org.tes.doc.DockerClientProviderStrategy] (build-8) Found Docker environment with local Npipe socket (npipe:////./pipe/docker_engine)
2024-06-12 09:05:16,164 INFO  [org.tes.DockerClientFactory] (build-8) Docker host IP address is localhost
2024-06-12 09:05:16,186 INFO  [org.tes.DockerClientFactory] (build-8) Connected to docker: 
  Server Version: 26.1.1
  API Version: 1.45
  Operating System: Docker Desktop
  Total Memory: 7862 MB
2024-06-12 09:05:16,199 INFO  [org.tes.ima.PullPolicy] (build-8) Image pull policy will be performed by: DefaultPullPolicy()
2024-06-12 09:05:16,201 INFO  [org.tes.uti.ImageNameSubstitutor] (build-8) Image name substitution will be performed by: DefaultImageNameSubstitutor (composite of 'ConfigurationFileImageNameSubstitutor' and 'PrefixingImageNameSubstitutor')
2024-06-12 09:05:16,209 INFO  [org.tes.DockerClientFactory] (build-8) Checking the system...
2024-06-12 09:05:16,210 INFO  [org.tes.DockerClientFactory] (build-8) ?? Docker server version should be at least 1.6.0
2024-06-12 09:05:16,288 INFO  [tc.doc.io/.0] (build-8) Creating container for image: docker.io/mysql:8.0
2024-06-12 09:05:16,514 INFO  [org.tes.uti.RegistryAuthLocator] (build-8) Credential helper/store (docker-credential-desktop) does not have credentials for docker.io
2024-06-12 09:05:16,524 WARN  [tc.doc.io/.0] (build-8) Reuse was requested but the environment does not support the reuse of containers
To enable reuse of containers, you must set 'testcontainers.reuse.enable=true' in a file located at C:\Users\andre\.testcontainers.properties
2024-06-12 09:05:16,525 INFO  [tc.tes.6.0] (build-8) Creating container for image: testcontainers/ryuk:0.6.0
2024-06-12 09:05:16,760 INFO  [tc.tes.6.0] (build-8) Container testcontainers/ryuk:0.6.0 is starting: c27b700b34961b43cdc34287a39de5ee655af8ef07f23739d04e550110a715ce
2024-06-12 09:05:17,232 INFO  [tc.tes.6.0] (build-8) Container testcontainers/ryuk:0.6.0 started in PT0.7069128S
2024-06-12 09:05:17,358 INFO  [tc.doc.io/.0] (build-8) Container docker.io/mysql:8.0 is starting: 3a811013188270ef12295f3bfbe929e34c8181e018eeb4bddce073ddd25cb27e
2024-06-12 09:05:17,712 INFO  [tc.doc.io/.0] (build-8) Waiting for database connection to become available at jdbc:mysql://localhost:50776/quarkus using query 'SELECT 1'
2024-06-12 09:05:34,097 INFO  [tc.doc.io/.0] (build-8) Container docker.io/mysql:8.0 started in PT17.8077669S
2024-06-12 09:05:34,097 INFO  [tc.doc.io/.0] (build-8) Container is started (JDBC URL: jdbc:mysql://localhost:50776/quarkus)
2024-06-12 09:05:34,097 INFO  [io.qua.dev.mys.dep.MySQLDevServicesProcessor] (build-8) Dev Services for MySQL started.
2024-06-12 09:05:34,098 INFO  [io.qua.dat.dep.dev.DevServicesDatasourceProcessor] (build-8) Dev Services for default datasource (mysql) started - container ID is 3a8110131882
2024-06-12 09:05:34,101 INFO  [io.qua.hib.orm.dep.dev.HibernateOrmDevServicesProcessor] (build-13) Setting quarkus.hibernate-orm.database.generation=drop-and-create to initialize Dev Services managed database
2024-06-12 09:05:36,024 INFO  [ch.hft.blo.con.BlogService] (main) New blog with id 1 successfully added.
2024-06-12 09:05:36,061 INFO  [ch.hft.blo.con.BlogService] (main) New blog with id 2 successfully added.
2024-06-12 09:05:36,077 INFO  [ch.hft.blo.con.BlogService] (main) New blog with id 3 successfully added.
2024-06-12 09:05:36,096 INFO  [ch.hft.blo.con.BlogService] (main) New blog with id 4 successfully added.
2024-06-12 09:05:36,113 INFO  [ch.hft.blo.con.BlogService] (main) New blog with id 5 successfully added.
2024-06-12 09:05:36,277 INFO  [io.quarkus] (main) blog-rest-service 1.0.0-SNAPSHOT on JVM (powered by Quarkus 3.9.4) started in 22.391s. Listening on: http://localhost:8081
2024-06-12 09:05:36,279 INFO  [io.quarkus] (main) Profile test activated. 
2024-06-12 09:05:36,279 INFO  [io.quarkus] (main) Installed features: [agroal, cdi, hibernate-orm, hibernate-orm-panache, jdbc-mysql, narayana-jta, rest, rest-client, rest-client-jsonb, rest-jackson, smallrye-context-propagation, smallrye-openapi, swagger-ui, vertx]
2024-06-12 09:05:36,623 INFO  [ch.hft.blo.con.BlogService] (main) New blog with id 6 successfully added.
2024-06-12 09:05:36,690 INFO  [ch.hft.blo.con.BlogService] (main) Blog with id 6 successfully updated.
]]></system-out>
  </testcase>
  <testcase name="deletingBlog" classname="ch.hftm.blog.control.BlogServiceTest" time="0.284">
    <failure message="expected: &lt;5&gt; but was: &lt;6&gt;" type="org.opentest4j.AssertionFailedError"><![CDATA[org.opentest4j.AssertionFailedError: expected: <5> but was: <6>
	at org.junit.jupiter.api.AssertionFailureBuilder.build(AssertionFailureBuilder.java:151)
	at org.junit.jupiter.api.AssertionFailureBuilder.buildAndThrow(AssertionFailureBuilder.java:132)
	at org.junit.jupiter.api.AssertEquals.failNotEqual(AssertEquals.java:197)
	at org.junit.jupiter.api.AssertEquals.assertEquals(AssertEquals.java:150)
	at org.junit.jupiter.api.AssertEquals.assertEquals(AssertEquals.java:145)
	at org.junit.jupiter.api.Assertions.assertEquals(Assertions.java:531)
	at ch.hftm.blog.control.BlogServiceTest.deletingBlog(BlogServiceTest.java:50)
	at java.base/java.lang.reflect.Method.invoke(Method.java:580)
	at io.quarkus.test.junit.QuarkusTestExtension.runExtensionMethod(QuarkusTestExtension.java:1018)
	at io.quarkus.test.junit.QuarkusTestExtension.interceptTestMethod(QuarkusTestExtension.java:832)
	at java.base/java.util.ArrayList.forEach(ArrayList.java:1596)
	at java.base/java.util.ArrayList.forEach(ArrayList.java:1596)
]]></failure>
    <system-out><![CDATA[2024-06-12 09:05:36,967 INFO  [ch.hft.blo.con.BlogService] (main) Returning 6 blogs.
2024-06-12 09:05:36,968 INFO  [ch.hft.blo.con.BlogService] (main) New blog with id 7 successfully added.
2024-06-12 09:05:36,987 INFO  [ch.hft.blo.con.BlogService] (main) Blog (id 7) successfully deleted
2024-06-12 09:05:37,006 INFO  [ch.hft.blo.con.BlogService] (main) Returning 6 blogs.
]]></system-out>
  </testcase>
  <testcase name="listingAndAddingBlog" classname="ch.hftm.blog.control.BlogServiceTest" time="0.025">
    <system-out><![CDATA[2024-06-12 09:05:37,018 INFO  [ch.hft.blo.con.BlogService] (main) Returning 6 blogs.
2024-06-12 09:05:37,019 INFO  [ch.hft.blo.con.BlogService] (main) New blog with id 8 successfully added.
2024-06-12 09:05:37,037 INFO  [ch.hft.blo.con.BlogService] (main) Returning 7 blogs.
]]></system-out>
  </testcase>
  <testcase name="replacingBlog" classname="ch.hftm.blog.control.BlogServiceTest" time="0.057">
    <system-out><![CDATA[2024-06-12 09:05:37,042 INFO  [ch.hft.blo.con.BlogService] (main) New blog with id 9 successfully added.
2024-06-12 09:05:37,079 INFO  [ch.hft.blo.con.BlogService] (main) Replaced blog with id 9
]]></system-out>
  </testcase>
</testsuite>