<?xml version="1.0" encoding="UTF-8"?>
<testsuite xmlns:xsi="http://www.w3.org/2001/XMLSchema-instance" xsi:noNamespaceSchemaLocation="https://maven.apache.org/surefire/maven-surefire-plugin/xsd/surefire-test-report-3.0.xsd" version="3.0" name="ch.hftm.blog.control.BlogServiceTest" time="0.014" tests="1" errors="0" skipped="0" failures="0">
  <properties>
    <property name="java.specification.version" value="21"/>
    <property name="sun.cpu.isalist" value="amd64"/>
    <property name="test.url" value="http://localhost:8081"/>
    <property name="sun.jnu.encoding" value="Cp1252"/>
    <property name="java.class.path" value="C:\01_DevWorkspace\Java Web\Hftm_IN306_BlogService\target\test-classes;C:\01_DevWorkspace\Java Web\Hftm_IN306_BlogService\target\classes;C:\Users\andre\.m2\repository\org\projectlombok\lombok\1.18.32\lombok-1.18.32.jar;C:\Users\andre\.m2\repository\io\quarkus\quarkus-rest-client-jsonb\3.9.4\quarkus-rest-client-jsonb-3.9.4.jar;C:\Users\andre\.m2\repository\io\quarkus\resteasy\reactive\resteasy-reactive-jsonb\3.9.4\resteasy-reactive-jsonb-3.9.4.jar;C:\Users\andre\.m2\repository\io\quarkus\resteasy\reactive\resteasy-reactive\3.9.4\resteasy-reactive-3.9.4.jar;C:\Users\andre\.m2\repository\org\eclipse\yasson\3.0.3\yasson-3.0.3.jar;C:\Users\andre\.m2\repository\jakarta\json\jakarta.json-api\2.1.3\jakarta.json-api-2.1.3.jar;C:\Users\andre\.m2\repository\jakarta\json\bind\jakarta.json.bind-api\3.0.0\jakarta.json.bind-api-3.0.0.jar;C:\Users\andre\.m2\repository\jakarta\annotation\jakarta.annotation-api\2.1.1\jakarta.annotation-api-2.1.1.jar;C:\Users\andre\.m2\repository\org\jboss\logging\commons-logging-jboss-logging\1.0.0.Final\commons-logging-jboss-logging-1.0.0.Final.jar;C:\Users\andre\.m2\repository\jakarta\xml\bind\jakarta.xml.bind-api\4.0.2\jakarta.xml.bind-api-4.0.2.jar;C:\Users\andre\.m2\repository\jakarta\activation\jakarta.activation-api\2.1.3\jakarta.activation-api-2.1.3.jar;C:\Users\andre\.m2\repository\org\jboss\logging\jboss-logging\3.5.3.Final\jboss-logging-3.5.3.Final.jar;C:\Users\andre\.m2\repository\io\quarkus\quarkus-rest-jsonb-common\3.9.4\quarkus-rest-jsonb-common-3.9.4.jar;C:\Users\andre\.m2\repository\io\quarkus\quarkus-jsonb\3.9.4\quarkus-jsonb-3.9.4.jar;C:\Users\andre\.m2\repository\io\quarkus\quarkus-rest-client\3.9.4\quarkus-rest-client-3.9.4.jar;C:\Users\andre\.m2\repository\io\quarkus\quarkus-rest-client-jaxrs\3.9.4\quarkus-rest-client-jaxrs-3.9.4.jar;C:\Users\andre\.m2\repository\io\quarkus\resteasy\reactive\resteasy-reactive-client\3.9.4\resteasy-reactive-client-3.9.4.jar;C:\Users\andre\.m2\repository\io\vertx\vertx-web-client\4.5.7\vertx-web-client-4.5.7.jar;C:\Users\andre\.m2\repository\io\quarkus\quarkus-smallrye-stork\3.9.4\quarkus-smallrye-stork-3.9.4.jar;C:\Users\andre\.m2\repository\io\quarkus\quarkus-rest-client-config\3.9.4\quarkus-rest-client-config-3.9.4.jar;C:\Users\andre\.m2\repository\io\smallrye\stork\stork-api\2.6.0\stork-api-2.6.0.jar;C:\Users\andre\.m2\repository\io\smallrye\stork\stork-core\2.6.0\stork-core-2.6.0.jar;C:\Users\andre\.m2\repository\org\eclipse\microprofile\rest\client\microprofile-rest-client-api\3.0.1\microprofile-rest-client-api-3.0.1.jar;C:\Users\andre\.m2\repository\io\quarkus\quarkus-arc\3.9.4\quarkus-arc-3.9.4.jar;C:\Users\andre\.m2\repository\io\quarkus\arc\arc\3.9.4\arc-3.9.4.jar;C:\Users\andre\.m2\repository\jakarta\enterprise\jakarta.enterprise.cdi-api\4.0.1\jakarta.enterprise.cdi-api-4.0.1.jar;C:\Users\andre\.m2\repository\jakarta\enterprise\jakarta.enterprise.lang-model\4.0.1\jakarta.enterprise.lang-model-4.0.1.jar;C:\Users\andre\.m2\repository\jakarta\el\jakarta.el-api\5.0.1\jakarta.el-api-5.0.1.jar;C:\Users\andre\.m2\repository\jakarta\interceptor\jakarta.interceptor-api\2.1.0\jakarta.interceptor-api-2.1.0.jar;C:\Users\andre\.m2\repository\jakarta\transaction\jakarta.transaction-api\2.0.1\jakarta.transaction-api-2.0.1.jar;C:\Users\andre\.m2\repository\io\smallrye\reactive\mutiny\2.5.8\mutiny-2.5.8.jar;C:\Users\andre\.m2\repository\io\smallrye\common\smallrye-common-annotation\2.3.0\smallrye-common-annotation-2.3.0.jar;C:\Users\andre\.m2\repository\io\quarkus\quarkus-core\3.9.4\quarkus-core-3.9.4.jar;C:\Users\andre\.m2\repository\jakarta\inject\jakarta.inject-api\2.0.1\jakarta.inject-api-2.0.1.jar;C:\Users\andre\.m2\repository\io\smallrye\common\smallrye-common-os\2.3.0\smallrye-common-os-2.3.0.jar;C:\Users\andre\.m2\repository\io\quarkus\quarkus-ide-launcher\3.9.4\quarkus-ide-launcher-3.9.4.jar;C:\Users\andre\.m2\repository\io\quarkus\quarkus-development-mode-spi\3.9.4\quarkus-development-mode-spi-3.9.4.jar;C:\Users\andre\.m2\repository\io\smallrye\config\smallrye-config\3.7.1\smallrye-config-3.7.1.jar;C:\Users\andre\.m2\repository\io\smallrye\config\smallrye-config-core\3.7.1\smallrye-config-core-3.7.1.jar;C:\Users\andre\.m2\repository\org\eclipse\microprofile\config\microprofile-config-api\3.0.3\microprofile-config-api-3.0.3.jar;C:\Users\andre\.m2\repository\io\smallrye\common\smallrye-common-classloader\2.3.0\smallrye-common-classloader-2.3.0.jar;C:\Users\andre\.m2\repository\io\smallrye\config\smallrye-config-common\3.7.1\smallrye-config-common-3.7.1.jar;C:\Users\andre\.m2\repository\org\jboss\logmanager\jboss-logmanager\3.0.4.Final\jboss-logmanager-3.0.4.Final.jar;C:\Users\andre\.m2\repository\io\smallrye\common\smallrye-common-constraint\2.3.0\smallrye-common-constraint-2.3.0.jar;C:\Users\andre\.m2\repository\io\smallrye\common\smallrye-common-cpu\2.3.0\smallrye-common-cpu-2.3.0.jar;C:\Users\andre\.m2\repository\io\smallrye\common\smallrye-common-expression\2.3.0\smallrye-common-expression-2.3.0.jar;C:\Users\andre\.m2\repository\io\smallrye\common\smallrye-common-function\2.3.0\smallrye-common-function-2.3.0.jar;C:\Users\andre\.m2\repository\io\smallrye\common\smallrye-common-net\2.3.0\smallrye-common-net-2.3.0.jar;C:\Users\andre\.m2\repository\io\smallrye\common\smallrye-common-ref\2.3.0\smallrye-common-ref-2.3.0.jar;C:\Users\andre\.m2\repository\org\jboss\logging\jboss-logging-annotations\2.2.1.Final\jboss-logging-annotations-2.2.1.Final.jar;C:\Users\andre\.m2\repository\org\jboss\threads\jboss-threads\3.6.1.Final\jboss-threads-3.6.1.Final.jar;C:\Users\andre\.m2\repository\org\slf4j\slf4j-api\2.0.6\slf4j-api-2.0.6.jar;C:\Users\andre\.m2\repository\org\jboss\slf4j\slf4j-jboss-logmanager\2.0.0.Final\slf4j-jboss-logmanager-2.0.0.Final.jar;C:\Users\andre\.m2\repository\org\wildfly\common\wildfly-common\1.7.0.Final\wildfly-common-1.7.0.Final.jar;C:\Users\andre\.m2\repository\io\quarkus\quarkus-bootstrap-runner\3.9.4\quarkus-bootstrap-runner-3.9.4.jar;C:\Users\andre\.m2\repository\io\quarkus\quarkus-fs-util\0.0.10\quarkus-fs-util-0.0.10.jar;C:\Users\andre\.m2\repository\org\eclipse\microprofile\context-propagation\microprofile-context-propagation-api\1.3\microprofile-context-propagation-api-1.3.jar;C:\Users\andre\.m2\repository\io\quarkus\quarkus-rest\3.9.4\quarkus-rest-3.9.4.jar;C:\Users\andre\.m2\repository\io\quarkus\quarkus-rest-common\3.9.4\quarkus-rest-common-3.9.4.jar;C:\Users\andre\.m2\repository\io\quarkus\resteasy\reactive\resteasy-reactive-common\3.9.4\resteasy-reactive-common-3.9.4.jar;C:\Users\andre\.m2\repository\io\quarkus\resteasy\reactive\resteasy-reactive-common-types\3.9.4\resteasy-reactive-common-types-3.9.4.jar;C:\Users\andre\.m2\repository\org\reactivestreams\reactive-streams\1.0.4\reactive-streams-1.0.4.jar;C:\Users\andre\.m2\repository\io\smallrye\reactive\mutiny-zero-flow-adapters\1.0.0\mutiny-zero-flow-adapters-1.0.0.jar;C:\Users\andre\.m2\repository\io\quarkus\quarkus-mutiny\3.9.4\quarkus-mutiny-3.9.4.jar;C:\Users\andre\.m2\repository\io\quarkus\quarkus-smallrye-context-propagation\3.9.4\quarkus-smallrye-context-propagation-3.9.4.jar;C:\Users\andre\.m2\repository\io\smallrye\smallrye-context-propagation\2.1.0\smallrye-context-propagation-2.1.0.jar;C:\Users\andre\.m2\repository\io\smallrye\smallrye-context-propagation-api\2.1.0\smallrye-context-propagation-api-2.1.0.jar;C:\Users\andre\.m2\repository\io\smallrye\smallrye-context-propagation-storage\2.1.0\smallrye-context-propagation-storage-2.1.0.jar;C:\Users\andre\.m2\repository\io\smallrye\reactive\mutiny-smallrye-context-propagation\2.5.8\mutiny-smallrye-context-propagation-2.5.8.jar;C:\Users\andre\.m2\repository\io\quarkus\quarkus-vertx\3.9.4\quarkus-vertx-3.9.4.jar;C:\Users\andre\.m2\repository\io\quarkus\quarkus-netty\3.9.4\quarkus-netty-3.9.4.jar;C:\Users\andre\.m2\repository\io\netty\netty-codec\4.1.108.Final\netty-codec-4.1.108.Final.jar;C:\Users\andre\.m2\repository\com\aayushatharva\brotli4j\brotli4j\1.16.0\brotli4j-1.16.0.jar;C:\Users\andre\.m2\repository\com\aayushatharva\brotli4j\service\1.16.0\service-1.16.0.jar;C:\Users\andre\.m2\repository\com\aayushatharva\brotli4j\native-windows-x86_64\1.16.0\native-windows-x86_64-1.16.0.jar;C:\Users\andre\.m2\repository\io\netty\netty-codec-haproxy\4.1.108.Final\netty-codec-haproxy-4.1.108.Final.jar;C:\Users\andre\.m2\repository\io\quarkus\quarkus-vertx-latebound-mdc-provider\3.9.4\quarkus-vertx-latebound-mdc-provider-3.9.4.jar;C:\Users\andre\.m2\repository\io\smallrye\smallrye-fault-tolerance-vertx\6.2.6\smallrye-fault-tolerance-vertx-6.2.6.jar;C:\Users\andre\.m2\repository\io\quarkus\resteasy\reactive\resteasy-reactive-vertx\3.9.4\resteasy-reactive-vertx-3.9.4.jar;C:\Users\andre\.m2\repository\io\vertx\vertx-web\4.5.7\vertx-web-4.5.7.jar;C:\Users\andre\.m2\repository\io\vertx\vertx-web-common\4.5.7\vertx-web-common-4.5.7.jar;C:\Users\andre\.m2\repository\io\vertx\vertx-auth-common\4.5.7\vertx-auth-common-4.5.7.jar;C:\Users\andre\.m2\repository\io\vertx\vertx-bridge-common\4.5.7\vertx-bridge-common-4.5.7.jar;C:\Users\andre\.m2\repository\io\smallrye\reactive\smallrye-mutiny-vertx-core\3.11.0\smallrye-mutiny-vertx-core-3.11.0.jar;C:\Users\andre\.m2\repository\io\smallrye\reactive\smallrye-mutiny-vertx-runtime\3.11.0\smallrye-mutiny-vertx-runtime-3.11.0.jar;C:\Users\andre\.m2\repository\io\smallrye\reactive\vertx-mutiny-generator\3.11.0\vertx-mutiny-generator-3.11.0.jar;C:\Users\andre\.m2\repository\io\vertx\vertx-codegen\4.5.7\vertx-codegen-4.5.7.jar;C:\Users\andre\.m2\repository\jakarta\ws\rs\jakarta.ws.rs-api\3.1.0\jakarta.ws.rs-api-3.1.0.jar;C:\Users\andre\.m2\repository\io\quarkus\quarkus-vertx-http\3.9.4\quarkus-vertx-http-3.9.4.jar;C:\Users\andre\.m2\repository\io\quarkus\quarkus-security-runtime-spi\3.9.4\quarkus-security-runtime-spi-3.9.4.jar;C:\Users\andre\.m2\repository\io\quarkus\quarkus-credentials\3.9.4\quarkus-credentials-3.9.4.jar;C:\Users\andre\.m2\repository\io\smallrye\common\smallrye-common-vertx-context\2.3.0\smallrye-common-vertx-context-2.3.0.jar;C:\Users\andre\.m2\repository\io\quarkus\security\quarkus-security\2.0.3.Final\quarkus-security-2.0.3.Final.jar;C:\Users\andre\.m2\repository\io\smallrye\reactive\smallrye-mutiny-vertx-web\3.11.0\smallrye-mutiny-vertx-web-3.11.0.jar;C:\Users\andre\.m2\repository\io\smallrye\reactive\smallrye-mutiny-vertx-web-common\3.11.0\smallrye-mutiny-vertx-web-common-3.11.0.jar;C:\Users\andre\.m2\repository\io\smallrye\reactive\smallrye-mutiny-vertx-auth-common\3.11.0\smallrye-mutiny-vertx-auth-common-3.11.0.jar;C:\Users\andre\.m2\repository\io\smallrye\reactive\smallrye-mutiny-vertx-bridge-common\3.11.0\smallrye-mutiny-vertx-bridge-common-3.11.0.jar;C:\Users\andre\.m2\repository\io\smallrye\reactive\smallrye-mutiny-vertx-uri-template\3.11.0\smallrye-mutiny-vertx-uri-template-3.11.0.jar;C:\Users\andre\.m2\repository\io\vertx\vertx-uri-template\4.5.7\vertx-uri-template-4.5.7.jar;C:\Users\andre\.m2\repository\io\github\crac\org-crac\0.1.3\org-crac-0.1.3.jar;C:\Users\andre\.m2\repository\io\quarkus\quarkus-jsonp\3.9.4\quarkus-jsonp-3.9.4.jar;C:\Users\andre\.m2\repository\org\eclipse\parsson\parsson\1.1.5\parsson-1.1.5.jar;C:\Users\andre\.m2\repository\io\quarkus\quarkus-virtual-threads\3.9.4\quarkus-virtual-threads-3.9.4.jar;C:\Users\andre\.m2\repository\io\vertx\vertx-core\4.5.7\vertx-core-4.5.7.jar;C:\Users\andre\.m2\repository\io\netty\netty-common\4.1.108.Final\netty-common-4.1.108.Final.jar;C:\Users\andre\.m2\repository\io\netty\netty-buffer\4.1.108.Final\netty-buffer-4.1.108.Final.jar;C:\Users\andre\.m2\repository\io\netty\netty-transport\4.1.108.Final\netty-transport-4.1.108.Final.jar;C:\Users\andre\.m2\repository\io\netty\netty-handler\4.1.108.Final\netty-handler-4.1.108.Final.jar;C:\Users\andre\.m2\repository\io\netty\netty-transport-native-unix-common\4.1.108.Final\netty-transport-native-unix-common-4.1.108.Final.jar;C:\Users\andre\.m2\repository\io\netty\netty-handler-proxy\4.1.108.Final\netty-handler-proxy-4.1.108.Final.jar;C:\Users\andre\.m2\repository\io\netty\netty-codec-socks\4.1.108.Final\netty-codec-socks-4.1.108.Final.jar;C:\Users\andre\.m2\repository\io\netty\netty-codec-http\4.1.108.Final\netty-codec-http-4.1.108.Final.jar;C:\Users\andre\.m2\repository\io\netty\netty-codec-http2\4.1.108.Final\netty-codec-http2-4.1.108.Final.jar;C:\Users\andre\.m2\repository\io\netty\netty-resolver\4.1.108.Final\netty-resolver-4.1.108.Final.jar;C:\Users\andre\.m2\repository\io\netty\netty-resolver-dns\4.1.108.Final\netty-resolver-dns-4.1.108.Final.jar;C:\Users\andre\.m2\repository\io\netty\netty-codec-dns\4.1.108.Final\netty-codec-dns-4.1.108.Final.jar;C:\Users\andre\.m2\repository\com\fasterxml\jackson\core\jackson-core\2.17.0\jackson-core-2.17.0.jar;C:\Users\andre\.m2\repository\io\quarkus\quarkus-junit5\3.9.4\quarkus-junit5-3.9.4.jar;C:\Users\andre\.m2\repository\io\quarkus\quarkus-bootstrap-core\3.9.4\quarkus-bootstrap-core-3.9.4.jar;C:\Users\andre\.m2\repository\io\quarkus\quarkus-bootstrap-app-model\3.9.4\quarkus-bootstrap-app-model-3.9.4.jar;C:\Users\andre\.m2\repository\io\smallrye\common\smallrye-common-io\2.3.0\smallrye-common-io-2.3.0.jar;C:\Users\andre\.m2\repository\org\eclipse\sisu\org.eclipse.sisu.inject\0.9.0.M2\org.eclipse.sisu.inject-0.9.0.M2.jar;C:\Users\andre\.m2\repository\io\quarkus\quarkus-test-common\3.9.4\quarkus-test-common-3.9.4.jar;C:\Users\andre\.m2\repository\io\quarkus\quarkus-core-deployment\3.9.4\quarkus-core-deployment-3.9.4.jar;C:\Users\andre\.m2\repository\org\aesh\readline\2.4\readline-2.4.jar;C:\Users\andre\.m2\repository\org\fusesource\jansi\jansi\2.4.0\jansi-2.4.0.jar;C:\Users\andre\.m2\repository\org\aesh\aesh\2.7\aesh-2.7.jar;C:\Users\andre\.m2\repository\io\quarkus\gizmo\gizmo\1.8.0\gizmo-1.8.0.jar;C:\Users\andre\.m2\repository\org\ow2\asm\asm-util\9.6\asm-util-9.6.jar;C:\Users\andre\.m2\repository\org\ow2\asm\asm-analysis\9.6\asm-analysis-9.6.jar;C:\Users\andre\.m2\repository\org\ow2\asm\asm\9.6\asm-9.6.jar;C:\Users\andre\.m2\repository\org\ow2\asm\asm-commons\9.6\asm-commons-9.6.jar;C:\Users\andre\.m2\repository\org\ow2\asm\asm-tree\9.6\asm-tree-9.6.jar;C:\Users\andre\.m2\repository\io\quarkus\quarkus-class-change-agent\3.9.4\quarkus-class-change-agent-3.9.4.jar;C:\Users\andre\.m2\repository\io\quarkus\quarkus-devtools-utilities\3.9.4\quarkus-devtools-utilities-3.9.4.jar;C:\Users\andre\.m2\repository\io\quarkus\quarkus-builder\3.9.4\quarkus-builder-3.9.4.jar;C:\Users\andre\.m2\repository\org\graalvm\sdk\nativeimage\23.1.2\nativeimage-23.1.2.jar;C:\Users\andre\.m2\repository\org\graalvm\sdk\word\23.1.2\word-23.1.2.jar;C:\Users\andre\.m2\repository\org\junit\platform\junit-platform-launcher\1.10.2\junit-platform-launcher-1.10.2.jar;C:\Users\andre\.m2\repository\io\quarkus\quarkus-bootstrap-maven-resolver\3.9.4\quarkus-bootstrap-maven-resolver-3.9.4.jar;C:\Users\andre\.m2\repository\io\smallrye\beanbag\smallrye-beanbag-maven\1.4.0\smallrye-beanbag-maven-1.4.0.jar;C:\Users\andre\.m2\repository\io\smallrye\beanbag\smallrye-beanbag-sisu\1.4.0\smallrye-beanbag-sisu-1.4.0.jar;C:\Users\andre\.m2\repository\io\smallrye\beanbag\smallrye-beanbag\1.4.0\smallrye-beanbag-1.4.0.jar;C:\Users\andre\.m2\repository\javax\inject\javax.inject\1\javax.inject-1.jar;C:\Users\andre\.m2\repository\org\apache\maven\maven-artifact\3.9.6\maven-artifact-3.9.6.jar;C:\Users\andre\.m2\repository\org\apache\maven\maven-builder-support\3.9.6\maven-builder-support-3.9.6.jar;C:\Users\andre\.m2\repository\org\apache\maven\maven-model\3.9.6\maven-model-3.9.6.jar;C:\Users\andre\.m2\repository\org\apache\maven\maven-model-builder\3.9.6\maven-model-builder-3.9.6.jar;C:\Users\andre\.m2\repository\org\apache\maven\maven-repository-metadata\3.9.6\maven-repository-metadata-3.9.6.jar;C:\Users\andre\.m2\repository\org\apache\maven\maven-settings\3.9.6\maven-settings-3.9.6.jar;C:\Users\andre\.m2\repository\org\apache\maven\resolver\maven-resolver-api\1.9.18\maven-resolver-api-1.9.18.jar;C:\Users\andre\.m2\repository\org\apache\maven\resolver\maven-resolver-impl\1.9.18\maven-resolver-impl-1.9.18.jar;C:\Users\andre\.m2\repository\org\apache\maven\resolver\maven-resolver-named-locks\1.9.18\maven-resolver-named-locks-1.9.18.jar;C:\Users\andre\.m2\repository\org\apache\maven\resolver\maven-resolver-spi\1.9.18\maven-resolver-spi-1.9.18.jar;C:\Users\andre\.m2\repository\org\apache\maven\resolver\maven-resolver-util\1.9.18\maven-resolver-util-1.9.18.jar;C:\Users\andre\.m2\repository\org\apache\maven\resolver\maven-resolver-transport-http\1.9.18\maven-resolver-transport-http-1.9.18.jar;C:\Users\andre\.m2\repository\org\apache\maven\wagon\wagon-provider-api\3.5.3\wagon-provider-api-3.5.3.jar;C:\Users\andre\.m2\repository\org\apache\maven\wagon\wagon-http-shared\3.5.3\wagon-http-shared-3.5.3.jar;C:\Users\andre\.m2\repository\org\codehaus\plexus\plexus-interpolation\1.26\plexus-interpolation-1.26.jar;C:\Users\andre\.m2\repository\org\codehaus\plexus\plexus-utils\3.5.1\plexus-utils-3.5.1.jar;C:\Users\andre\.m2\repository\org\codehaus\plexus\plexus-xml\4.0.0\plexus-xml-4.0.0.jar;C:\Users\andre\.m2\repository\org\apache\maven\maven-xml-impl\4.0.0-alpha-5\maven-xml-impl-4.0.0-alpha-5.jar;C:\Users\andre\.m2\repository\org\apache\maven\maven-api-xml\4.0.0-alpha-5\maven-api-xml-4.0.0-alpha-5.jar;C:\Users\andre\.m2\repository\org\apache\maven\maven-api-meta\4.0.0-alpha-5\maven-api-meta-4.0.0-alpha-5.jar;C:\Users\andre\.m2\repository\org\codehaus\plexus\plexus-cipher\2.0\plexus-cipher-2.0.jar;C:\Users\andre\.m2\repository\org\codehaus\plexus\plexus-sec-dispatcher\2.0\plexus-sec-dispatcher-2.0.jar;C:\Users\andre\.m2\repository\org\apache\maven\maven-embedder\3.9.6\maven-embedder-3.9.6.jar;C:\Users\andre\.m2\repository\org\apache\maven\maven-core\3.9.6\maven-core-3.9.6.jar;C:\Users\andre\.m2\repository\org\codehaus\plexus\plexus-component-annotations\2.1.0\plexus-component-annotations-2.1.0.jar;C:\Users\andre\.m2\repository\org\apache\maven\maven-plugin-api\3.9.6\maven-plugin-api-3.9.6.jar;C:\Users\andre\.m2\repository\org\apache\maven\shared\maven-shared-utils\3.3.4\maven-shared-utils-3.3.4.jar;C:\Users\andre\.m2\repository\com\google\inject\guice\5.1.0\guice-5.1.0.jar;C:\Users\andre\.m2\repository\aopalliance\aopalliance\1.0\aopalliance-1.0.jar;C:\Users\andre\.m2\repository\com\google\guava\guava\33.0.0-jre\guava-33.0.0-jre.jar;C:\Users\andre\.m2\repository\com\google\guava\failureaccess\1.0.1\failureaccess-1.0.1.jar;C:\Users\andre\.m2\repository\javax\annotation\javax.annotation-api\1.3.2\javax.annotation-api-1.3.2.jar;C:\Users\andre\.m2\repository\org\codehaus\plexus\plexus-classworlds\2.6.0\plexus-classworlds-2.6.0.jar;C:\Users\andre\.m2\repository\commons-cli\commons-cli\1.5.0\commons-cli-1.5.0.jar;C:\Users\andre\.m2\repository\org\eclipse\sisu\org.eclipse.sisu.plexus\0.9.0.M2\org.eclipse.sisu.plexus-0.9.0.M2.jar;C:\Users\andre\.m2\repository\org\apache\maven\maven-settings-builder\3.9.6\maven-settings-builder-3.9.6.jar;C:\Users\andre\.m2\repository\org\apache\maven\maven-resolver-provider\3.9.6\maven-resolver-provider-3.9.6.jar;C:\Users\andre\.m2\repository\org\apache\maven\resolver\maven-resolver-connector-basic\1.9.18\maven-resolver-connector-basic-1.9.18.jar;C:\Users\andre\.m2\repository\org\apache\maven\resolver\maven-resolver-transport-wagon\1.9.18\maven-resolver-transport-wagon-1.9.18.jar;C:\Users\andre\.m2\repository\org\apache\maven\wagon\wagon-http\3.5.3\wagon-http-3.5.3.jar;C:\Users\andre\.m2\repository\org\apache\maven\wagon\wagon-file\3.5.3\wagon-file-3.5.3.jar;C:\Users\andre\.m2\repository\io\quarkus\quarkus-bootstrap-gradle-resolver\3.9.4\quarkus-bootstrap-gradle-resolver-3.9.4.jar;C:\Users\andre\.m2\repository\io\smallrye\jandex\3.1.6\jandex-3.1.6.jar;C:\Users\andre\.m2\repository\commons-io\commons-io\2.15.1\commons-io-2.15.1.jar;C:\Users\andre\.m2\repository\io\quarkus\quarkus-junit5-properties\3.9.4\quarkus-junit5-properties-3.9.4.jar;C:\Users\andre\.m2\repository\org\junit\jupiter\junit-jupiter\5.10.2\junit-jupiter-5.10.2.jar;C:\Users\andre\.m2\repository\org\junit\jupiter\junit-jupiter-api\5.10.2\junit-jupiter-api-5.10.2.jar;C:\Users\andre\.m2\repository\org\opentest4j\opentest4j\1.3.0\opentest4j-1.3.0.jar;C:\Users\andre\.m2\repository\org\junit\platform\junit-platform-commons\1.10.2\junit-platform-commons-1.10.2.jar;C:\Users\andre\.m2\repository\org\apiguardian\apiguardian-api\1.1.2\apiguardian-api-1.1.2.jar;C:\Users\andre\.m2\repository\org\junit\jupiter\junit-jupiter-params\5.10.2\junit-jupiter-params-5.10.2.jar;C:\Users\andre\.m2\repository\org\junit\jupiter\junit-jupiter-engine\5.10.2\junit-jupiter-engine-5.10.2.jar;C:\Users\andre\.m2\repository\org\junit\platform\junit-platform-engine\1.10.2\junit-platform-engine-1.10.2.jar;C:\Users\andre\.m2\repository\com\thoughtworks\xstream\xstream\1.4.20\xstream-1.4.20.jar;C:\Users\andre\.m2\repository\io\github\x-stream\mxparser\1.2.2\mxparser-1.2.2.jar;C:\Users\andre\.m2\repository\xmlpull\xmlpull\1.1.3.1\xmlpull-1.1.3.1.jar;C:\Users\andre\.m2\repository\io\rest-assured\rest-assured\5.4.0\rest-assured-5.4.0.jar;C:\Users\andre\.m2\repository\org\apache\groovy\groovy\4.0.16\groovy-4.0.16.jar;C:\Users\andre\.m2\repository\org\apache\groovy\groovy-xml\4.0.16\groovy-xml-4.0.16.jar;C:\Users\andre\.m2\repository\org\apache\httpcomponents\httpclient\4.5.14\httpclient-4.5.14.jar;C:\Users\andre\.m2\repository\org\apache\httpcomponents\httpcore\4.4.16\httpcore-4.4.16.jar;C:\Users\andre\.m2\repository\commons-codec\commons-codec\1.16.1\commons-codec-1.16.1.jar;C:\Users\andre\.m2\repository\org\apache\httpcomponents\httpmime\4.5.14\httpmime-4.5.14.jar;C:\Users\andre\.m2\repository\org\hamcrest\hamcrest\2.2\hamcrest-2.2.jar;C:\Users\andre\.m2\repository\org\ccil\cowan\tagsoup\tagsoup\1.2.1\tagsoup-1.2.1.jar;C:\Users\andre\.m2\repository\io\rest-assured\json-path\5.4.0\json-path-5.4.0.jar;C:\Users\andre\.m2\repository\org\apache\groovy\groovy-json\4.0.16\groovy-json-4.0.16.jar;C:\Users\andre\.m2\repository\io\rest-assured\rest-assured-common\5.4.0\rest-assured-common-5.4.0.jar;C:\Users\andre\.m2\repository\io\rest-assured\xml-path\5.4.0\xml-path-5.4.0.jar;C:\Users\andre\.m2\repository\org\apache\commons\commons-lang3\3.14.0\commons-lang3-3.14.0.jar;"/>
    <property name="java.vm.vendor" value="Oracle Corporation"/>
    <property name="sun.arch.data.model" value="64"/>
    <property name="user.variant" value=""/>
    <property name="java.vendor.url" value="https://java.oracle.com/"/>
    <property name="user.timezone" value="Europe/Zurich"/>
    <property name="logging.initial-configurator.min-level" value="500"/>
    <property name="os.name" value="Windows 11"/>
    <property name="java.vm.specification.version" value="21"/>
    <property name="sun.java.launcher" value="SUN_STANDARD"/>
    <property name="user.country" value="CH"/>
    <property name="groovy.use.classvalue" value="false"/>
    <property name="sun.boot.library.path" value="C:\Program Files\Java\jdk-21\bin"/>
    <property name="sun.java.command" value="C:\Users\andre\AppData\Local\Temp\surefire10274939231888915793\surefirebooter-20240517142527196_3.jar C:\Users\andre\AppData\Local\Temp\surefire10274939231888915793 2024-05-17T14-25-26_862-jvmRun1 surefire-20240517142527196_1tmp surefire_0-20240517142527196_2tmp"/>
    <property name="jdk.debug" value="release"/>
    <property name="maven.home" value="C:\Users\andre\.m2\wrapper\dists\apache-maven-3.9.6-bin\3311e1d4\apache-maven-3.9.6"/>
    <property name="surefire.test.class.path" value="C:\01_DevWorkspace\Java Web\Hftm_IN306_BlogService\target\test-classes;C:\01_DevWorkspace\Java Web\Hftm_IN306_BlogService\target\classes;C:\Users\andre\.m2\repository\org\projectlombok\lombok\1.18.32\lombok-1.18.32.jar;C:\Users\andre\.m2\repository\io\quarkus\quarkus-rest-client-jsonb\3.9.4\quarkus-rest-client-jsonb-3.9.4.jar;C:\Users\andre\.m2\repository\io\quarkus\resteasy\reactive\resteasy-reactive-jsonb\3.9.4\resteasy-reactive-jsonb-3.9.4.jar;C:\Users\andre\.m2\repository\io\quarkus\resteasy\reactive\resteasy-reactive\3.9.4\resteasy-reactive-3.9.4.jar;C:\Users\andre\.m2\repository\org\eclipse\yasson\3.0.3\yasson-3.0.3.jar;C:\Users\andre\.m2\repository\jakarta\json\jakarta.json-api\2.1.3\jakarta.json-api-2.1.3.jar;C:\Users\andre\.m2\repository\jakarta\json\bind\jakarta.json.bind-api\3.0.0\jakarta.json.bind-api-3.0.0.jar;C:\Users\andre\.m2\repository\jakarta\annotation\jakarta.annotation-api\2.1.1\jakarta.annotation-api-2.1.1.jar;C:\Users\andre\.m2\repository\org\jboss\logging\commons-logging-jboss-logging\1.0.0.Final\commons-logging-jboss-logging-1.0.0.Final.jar;C:\Users\andre\.m2\repository\jakarta\xml\bind\jakarta.xml.bind-api\4.0.2\jakarta.xml.bind-api-4.0.2.jar;C:\Users\andre\.m2\repository\jakarta\activation\jakarta.activation-api\2.1.3\jakarta.activation-api-2.1.3.jar;C:\Users\andre\.m2\repository\org\jboss\logging\jboss-logging\3.5.3.Final\jboss-logging-3.5.3.Final.jar;C:\Users\andre\.m2\repository\io\quarkus\quarkus-rest-jsonb-common\3.9.4\quarkus-rest-jsonb-common-3.9.4.jar;C:\Users\andre\.m2\repository\io\quarkus\quarkus-jsonb\3.9.4\quarkus-jsonb-3.9.4.jar;C:\Users\andre\.m2\repository\io\quarkus\quarkus-rest-client\3.9.4\quarkus-rest-client-3.9.4.jar;C:\Users\andre\.m2\repository\io\quarkus\quarkus-rest-client-jaxrs\3.9.4\quarkus-rest-client-jaxrs-3.9.4.jar;C:\Users\andre\.m2\repository\io\quarkus\resteasy\reactive\resteasy-reactive-client\3.9.4\resteasy-reactive-client-3.9.4.jar;C:\Users\andre\.m2\repository\io\vertx\vertx-web-client\4.5.7\vertx-web-client-4.5.7.jar;C:\Users\andre\.m2\repository\io\quarkus\quarkus-smallrye-stork\3.9.4\quarkus-smallrye-stork-3.9.4.jar;C:\Users\andre\.m2\repository\io\quarkus\quarkus-rest-client-config\3.9.4\quarkus-rest-client-config-3.9.4.jar;C:\Users\andre\.m2\repository\io\smallrye\stork\stork-api\2.6.0\stork-api-2.6.0.jar;C:\Users\andre\.m2\repository\io\smallrye\stork\stork-core\2.6.0\stork-core-2.6.0.jar;C:\Users\andre\.m2\repository\org\eclipse\microprofile\rest\client\microprofile-rest-client-api\3.0.1\microprofile-rest-client-api-3.0.1.jar;C:\Users\andre\.m2\repository\io\quarkus\quarkus-arc\3.9.4\quarkus-arc-3.9.4.jar;C:\Users\andre\.m2\repository\io\quarkus\arc\arc\3.9.4\arc-3.9.4.jar;C:\Users\andre\.m2\repository\jakarta\enterprise\jakarta.enterprise.cdi-api\4.0.1\jakarta.enterprise.cdi-api-4.0.1.jar;C:\Users\andre\.m2\repository\jakarta\enterprise\jakarta.enterprise.lang-model\4.0.1\jakarta.enterprise.lang-model-4.0.1.jar;C:\Users\andre\.m2\repository\jakarta\el\jakarta.el-api\5.0.1\jakarta.el-api-5.0.1.jar;C:\Users\andre\.m2\repository\jakarta\interceptor\jakarta.interceptor-api\2.1.0\jakarta.interceptor-api-2.1.0.jar;C:\Users\andre\.m2\repository\jakarta\transaction\jakarta.transaction-api\2.0.1\jakarta.transaction-api-2.0.1.jar;C:\Users\andre\.m2\repository\io\smallrye\reactive\mutiny\2.5.8\mutiny-2.5.8.jar;C:\Users\andre\.m2\repository\io\smallrye\common\smallrye-common-annotation\2.3.0\smallrye-common-annotation-2.3.0.jar;C:\Users\andre\.m2\repository\io\quarkus\quarkus-core\3.9.4\quarkus-core-3.9.4.jar;C:\Users\andre\.m2\repository\jakarta\inject\jakarta.inject-api\2.0.1\jakarta.inject-api-2.0.1.jar;C:\Users\andre\.m2\repository\io\smallrye\common\smallrye-common-os\2.3.0\smallrye-common-os-2.3.0.jar;C:\Users\andre\.m2\repository\io\quarkus\quarkus-ide-launcher\3.9.4\quarkus-ide-launcher-3.9.4.jar;C:\Users\andre\.m2\repository\io\quarkus\quarkus-development-mode-spi\3.9.4\quarkus-development-mode-spi-3.9.4.jar;C:\Users\andre\.m2\repository\io\smallrye\config\smallrye-config\3.7.1\smallrye-config-3.7.1.jar;C:\Users\andre\.m2\repository\io\smallrye\config\smallrye-config-core\3.7.1\smallrye-config-core-3.7.1.jar;C:\Users\andre\.m2\repository\org\eclipse\microprofile\config\microprofile-config-api\3.0.3\microprofile-config-api-3.0.3.jar;C:\Users\andre\.m2\repository\io\smallrye\common\smallrye-common-classloader\2.3.0\smallrye-common-classloader-2.3.0.jar;C:\Users\andre\.m2\repository\io\smallrye\config\smallrye-config-common\3.7.1\smallrye-config-common-3.7.1.jar;C:\Users\andre\.m2\repository\org\jboss\logmanager\jboss-logmanager\3.0.4.Final\jboss-logmanager-3.0.4.Final.jar;C:\Users\andre\.m2\repository\io\smallrye\common\smallrye-common-constraint\2.3.0\smallrye-common-constraint-2.3.0.jar;C:\Users\andre\.m2\repository\io\smallrye\common\smallrye-common-cpu\2.3.0\smallrye-common-cpu-2.3.0.jar;C:\Users\andre\.m2\repository\io\smallrye\common\smallrye-common-expression\2.3.0\smallrye-common-expression-2.3.0.jar;C:\Users\andre\.m2\repository\io\smallrye\common\smallrye-common-function\2.3.0\smallrye-common-function-2.3.0.jar;C:\Users\andre\.m2\repository\io\smallrye\common\smallrye-common-net\2.3.0\smallrye-common-net-2.3.0.jar;C:\Users\andre\.m2\repository\io\smallrye\common\smallrye-common-ref\2.3.0\smallrye-common-ref-2.3.0.jar;C:\Users\andre\.m2\repository\org\jboss\logging\jboss-logging-annotations\2.2.1.Final\jboss-logging-annotations-2.2.1.Final.jar;C:\Users\andre\.m2\repository\org\jboss\threads\jboss-threads\3.6.1.Final\jboss-threads-3.6.1.Final.jar;C:\Users\andre\.m2\repository\org\slf4j\slf4j-api\2.0.6\slf4j-api-2.0.6.jar;C:\Users\andre\.m2\repository\org\jboss\slf4j\slf4j-jboss-logmanager\2.0.0.Final\slf4j-jboss-logmanager-2.0.0.Final.jar;C:\Users\andre\.m2\repository\org\wildfly\common\wildfly-common\1.7.0.Final\wildfly-common-1.7.0.Final.jar;C:\Users\andre\.m2\repository\io\quarkus\quarkus-bootstrap-runner\3.9.4\quarkus-bootstrap-runner-3.9.4.jar;C:\Users\andre\.m2\repository\io\quarkus\quarkus-fs-util\0.0.10\quarkus-fs-util-0.0.10.jar;C:\Users\andre\.m2\repository\org\eclipse\microprofile\context-propagation\microprofile-context-propagation-api\1.3\microprofile-context-propagation-api-1.3.jar;C:\Users\andre\.m2\repository\io\quarkus\quarkus-rest\3.9.4\quarkus-rest-3.9.4.jar;C:\Users\andre\.m2\repository\io\quarkus\quarkus-rest-common\3.9.4\quarkus-rest-common-3.9.4.jar;C:\Users\andre\.m2\repository\io\quarkus\resteasy\reactive\resteasy-reactive-common\3.9.4\resteasy-reactive-common-3.9.4.jar;C:\Users\andre\.m2\repository\io\quarkus\resteasy\reactive\resteasy-reactive-common-types\3.9.4\resteasy-reactive-common-types-3.9.4.jar;C:\Users\andre\.m2\repository\org\reactivestreams\reactive-streams\1.0.4\reactive-streams-1.0.4.jar;C:\Users\andre\.m2\repository\io\smallrye\reactive\mutiny-zero-flow-adapters\1.0.0\mutiny-zero-flow-adapters-1.0.0.jar;C:\Users\andre\.m2\repository\io\quarkus\quarkus-mutiny\3.9.4\quarkus-mutiny-3.9.4.jar;C:\Users\andre\.m2\repository\io\quarkus\quarkus-smallrye-context-propagation\3.9.4\quarkus-smallrye-context-propagation-3.9.4.jar;C:\Users\andre\.m2\repository\io\smallrye\smallrye-context-propagation\2.1.0\smallrye-context-propagation-2.1.0.jar;C:\Users\andre\.m2\repository\io\smallrye\smallrye-context-propagation-api\2.1.0\smallrye-context-propagation-api-2.1.0.jar;C:\Users\andre\.m2\repository\io\smallrye\smallrye-context-propagation-storage\2.1.0\smallrye-context-propagation-storage-2.1.0.jar;C:\Users\andre\.m2\repository\io\smallrye\reactive\mutiny-smallrye-context-propagation\2.5.8\mutiny-smallrye-context-propagation-2.5.8.jar;C:\Users\andre\.m2\repository\io\quarkus\quarkus-vertx\3.9.4\quarkus-vertx-3.9.4.jar;C:\Users\andre\.m2\repository\io\quarkus\quarkus-netty\3.9.4\quarkus-netty-3.9.4.jar;C:\Users\andre\.m2\repository\io\netty\netty-codec\4.1.108.Final\netty-codec-4.1.108.Final.jar;C:\Users\andre\.m2\repository\com\aayushatharva\brotli4j\brotli4j\1.16.0\brotli4j-1.16.0.jar;C:\Users\andre\.m2\repository\com\aayushatharva\brotli4j\service\1.16.0\service-1.16.0.jar;C:\Users\andre\.m2\repository\com\aayushatharva\brotli4j\native-windows-x86_64\1.16.0\native-windows-x86_64-1.16.0.jar;C:\Users\andre\.m2\repository\io\netty\netty-codec-haproxy\4.1.108.Final\netty-codec-haproxy-4.1.108.Final.jar;C:\Users\andre\.m2\repository\io\quarkus\quarkus-vertx-latebound-mdc-provider\3.9.4\quarkus-vertx-latebound-mdc-provider-3.9.4.jar;C:\Users\andre\.m2\repository\io\smallrye\smallrye-fault-tolerance-vertx\6.2.6\smallrye-fault-tolerance-vertx-6.2.6.jar;C:\Users\andre\.m2\repository\io\quarkus\resteasy\reactive\resteasy-reactive-vertx\3.9.4\resteasy-reactive-vertx-3.9.4.jar;C:\Users\andre\.m2\repository\io\vertx\vertx-web\4.5.7\vertx-web-4.5.7.jar;C:\Users\andre\.m2\repository\io\vertx\vertx-web-common\4.5.7\vertx-web-common-4.5.7.jar;C:\Users\andre\.m2\repository\io\vertx\vertx-auth-common\4.5.7\vertx-auth-common-4.5.7.jar;C:\Users\andre\.m2\repository\io\vertx\vertx-bridge-common\4.5.7\vertx-bridge-common-4.5.7.jar;C:\Users\andre\.m2\repository\io\smallrye\reactive\smallrye-mutiny-vertx-core\3.11.0\smallrye-mutiny-vertx-core-3.11.0.jar;C:\Users\andre\.m2\repository\io\smallrye\reactive\smallrye-mutiny-vertx-runtime\3.11.0\smallrye-mutiny-vertx-runtime-3.11.0.jar;C:\Users\andre\.m2\repository\io\smallrye\reactive\vertx-mutiny-generator\3.11.0\vertx-mutiny-generator-3.11.0.jar;C:\Users\andre\.m2\repository\io\vertx\vertx-codegen\4.5.7\vertx-codegen-4.5.7.jar;C:\Users\andre\.m2\repository\jakarta\ws\rs\jakarta.ws.rs-api\3.1.0\jakarta.ws.rs-api-3.1.0.jar;C:\Users\andre\.m2\repository\io\quarkus\quarkus-vertx-http\3.9.4\quarkus-vertx-http-3.9.4.jar;C:\Users\andre\.m2\repository\io\quarkus\quarkus-security-runtime-spi\3.9.4\quarkus-security-runtime-spi-3.9.4.jar;C:\Users\andre\.m2\repository\io\quarkus\quarkus-credentials\3.9.4\quarkus-credentials-3.9.4.jar;C:\Users\andre\.m2\repository\io\smallrye\common\smallrye-common-vertx-context\2.3.0\smallrye-common-vertx-context-2.3.0.jar;C:\Users\andre\.m2\repository\io\quarkus\security\quarkus-security\2.0.3.Final\quarkus-security-2.0.3.Final.jar;C:\Users\andre\.m2\repository\io\smallrye\reactive\smallrye-mutiny-vertx-web\3.11.0\smallrye-mutiny-vertx-web-3.11.0.jar;C:\Users\andre\.m2\repository\io\smallrye\reactive\smallrye-mutiny-vertx-web-common\3.11.0\smallrye-mutiny-vertx-web-common-3.11.0.jar;C:\Users\andre\.m2\repository\io\smallrye\reactive\smallrye-mutiny-vertx-auth-common\3.11.0\smallrye-mutiny-vertx-auth-common-3.11.0.jar;C:\Users\andre\.m2\repository\io\smallrye\reactive\smallrye-mutiny-vertx-bridge-common\3.11.0\smallrye-mutiny-vertx-bridge-common-3.11.0.jar;C:\Users\andre\.m2\repository\io\smallrye\reactive\smallrye-mutiny-vertx-uri-template\3.11.0\smallrye-mutiny-vertx-uri-template-3.11.0.jar;C:\Users\andre\.m2\repository\io\vertx\vertx-uri-template\4.5.7\vertx-uri-template-4.5.7.jar;C:\Users\andre\.m2\repository\io\github\crac\org-crac\0.1.3\org-crac-0.1.3.jar;C:\Users\andre\.m2\repository\io\quarkus\quarkus-jsonp\3.9.4\quarkus-jsonp-3.9.4.jar;C:\Users\andre\.m2\repository\org\eclipse\parsson\parsson\1.1.5\parsson-1.1.5.jar;C:\Users\andre\.m2\repository\io\quarkus\quarkus-virtual-threads\3.9.4\quarkus-virtual-threads-3.9.4.jar;C:\Users\andre\.m2\repository\io\vertx\vertx-core\4.5.7\vertx-core-4.5.7.jar;C:\Users\andre\.m2\repository\io\netty\netty-common\4.1.108.Final\netty-common-4.1.108.Final.jar;C:\Users\andre\.m2\repository\io\netty\netty-buffer\4.1.108.Final\netty-buffer-4.1.108.Final.jar;C:\Users\andre\.m2\repository\io\netty\netty-transport\4.1.108.Final\netty-transport-4.1.108.Final.jar;C:\Users\andre\.m2\repository\io\netty\netty-handler\4.1.108.Final\netty-handler-4.1.108.Final.jar;C:\Users\andre\.m2\repository\io\netty\netty-transport-native-unix-common\4.1.108.Final\netty-transport-native-unix-common-4.1.108.Final.jar;C:\Users\andre\.m2\repository\io\netty\netty-handler-proxy\4.1.108.Final\netty-handler-proxy-4.1.108.Final.jar;C:\Users\andre\.m2\repository\io\netty\netty-codec-socks\4.1.108.Final\netty-codec-socks-4.1.108.Final.jar;C:\Users\andre\.m2\repository\io\netty\netty-codec-http\4.1.108.Final\netty-codec-http-4.1.108.Final.jar;C:\Users\andre\.m2\repository\io\netty\netty-codec-http2\4.1.108.Final\netty-codec-http2-4.1.108.Final.jar;C:\Users\andre\.m2\repository\io\netty\netty-resolver\4.1.108.Final\netty-resolver-4.1.108.Final.jar;C:\Users\andre\.m2\repository\io\netty\netty-resolver-dns\4.1.108.Final\netty-resolver-dns-4.1.108.Final.jar;C:\Users\andre\.m2\repository\io\netty\netty-codec-dns\4.1.108.Final\netty-codec-dns-4.1.108.Final.jar;C:\Users\andre\.m2\repository\com\fasterxml\jackson\core\jackson-core\2.17.0\jackson-core-2.17.0.jar;C:\Users\andre\.m2\repository\io\quarkus\quarkus-junit5\3.9.4\quarkus-junit5-3.9.4.jar;C:\Users\andre\.m2\repository\io\quarkus\quarkus-bootstrap-core\3.9.4\quarkus-bootstrap-core-3.9.4.jar;C:\Users\andre\.m2\repository\io\quarkus\quarkus-bootstrap-app-model\3.9.4\quarkus-bootstrap-app-model-3.9.4.jar;C:\Users\andre\.m2\repository\io\smallrye\common\smallrye-common-io\2.3.0\smallrye-common-io-2.3.0.jar;C:\Users\andre\.m2\repository\org\eclipse\sisu\org.eclipse.sisu.inject\0.9.0.M2\org.eclipse.sisu.inject-0.9.0.M2.jar;C:\Users\andre\.m2\repository\io\quarkus\quarkus-test-common\3.9.4\quarkus-test-common-3.9.4.jar;C:\Users\andre\.m2\repository\io\quarkus\quarkus-core-deployment\3.9.4\quarkus-core-deployment-3.9.4.jar;C:\Users\andre\.m2\repository\org\aesh\readline\2.4\readline-2.4.jar;C:\Users\andre\.m2\repository\org\fusesource\jansi\jansi\2.4.0\jansi-2.4.0.jar;C:\Users\andre\.m2\repository\org\aesh\aesh\2.7\aesh-2.7.jar;C:\Users\andre\.m2\repository\io\quarkus\gizmo\gizmo\1.8.0\gizmo-1.8.0.jar;C:\Users\andre\.m2\repository\org\ow2\asm\asm-util\9.6\asm-util-9.6.jar;C:\Users\andre\.m2\repository\org\ow2\asm\asm-analysis\9.6\asm-analysis-9.6.jar;C:\Users\andre\.m2\repository\org\ow2\asm\asm\9.6\asm-9.6.jar;C:\Users\andre\.m2\repository\org\ow2\asm\asm-commons\9.6\asm-commons-9.6.jar;C:\Users\andre\.m2\repository\org\ow2\asm\asm-tree\9.6\asm-tree-9.6.jar;C:\Users\andre\.m2\repository\io\quarkus\quarkus-class-change-agent\3.9.4\quarkus-class-change-agent-3.9.4.jar;C:\Users\andre\.m2\repository\io\quarkus\quarkus-devtools-utilities\3.9.4\quarkus-devtools-utilities-3.9.4.jar;C:\Users\andre\.m2\repository\io\quarkus\quarkus-builder\3.9.4\quarkus-builder-3.9.4.jar;C:\Users\andre\.m2\repository\org\graalvm\sdk\nativeimage\23.1.2\nativeimage-23.1.2.jar;C:\Users\andre\.m2\repository\org\graalvm\sdk\word\23.1.2\word-23.1.2.jar;C:\Users\andre\.m2\repository\org\junit\platform\junit-platform-launcher\1.10.2\junit-platform-launcher-1.10.2.jar;C:\Users\andre\.m2\repository\io\quarkus\quarkus-bootstrap-maven-resolver\3.9.4\quarkus-bootstrap-maven-resolver-3.9.4.jar;C:\Users\andre\.m2\repository\io\smallrye\beanbag\smallrye-beanbag-maven\1.4.0\smallrye-beanbag-maven-1.4.0.jar;C:\Users\andre\.m2\repository\io\smallrye\beanbag\smallrye-beanbag-sisu\1.4.0\smallrye-beanbag-sisu-1.4.0.jar;C:\Users\andre\.m2\repository\io\smallrye\beanbag\smallrye-beanbag\1.4.0\smallrye-beanbag-1.4.0.jar;C:\Users\andre\.m2\repository\javax\inject\javax.inject\1\javax.inject-1.jar;C:\Users\andre\.m2\repository\org\apache\maven\maven-artifact\3.9.6\maven-artifact-3.9.6.jar;C:\Users\andre\.m2\repository\org\apache\maven\maven-builder-support\3.9.6\maven-builder-support-3.9.6.jar;C:\Users\andre\.m2\repository\org\apache\maven\maven-model\3.9.6\maven-model-3.9.6.jar;C:\Users\andre\.m2\repository\org\apache\maven\maven-model-builder\3.9.6\maven-model-builder-3.9.6.jar;C:\Users\andre\.m2\repository\org\apache\maven\maven-repository-metadata\3.9.6\maven-repository-metadata-3.9.6.jar;C:\Users\andre\.m2\repository\org\apache\maven\maven-settings\3.9.6\maven-settings-3.9.6.jar;C:\Users\andre\.m2\repository\org\apache\maven\resolver\maven-resolver-api\1.9.18\maven-resolver-api-1.9.18.jar;C:\Users\andre\.m2\repository\org\apache\maven\resolver\maven-resolver-impl\1.9.18\maven-resolver-impl-1.9.18.jar;C:\Users\andre\.m2\repository\org\apache\maven\resolver\maven-resolver-named-locks\1.9.18\maven-resolver-named-locks-1.9.18.jar;C:\Users\andre\.m2\repository\org\apache\maven\resolver\maven-resolver-spi\1.9.18\maven-resolver-spi-1.9.18.jar;C:\Users\andre\.m2\repository\org\apache\maven\resolver\maven-resolver-util\1.9.18\maven-resolver-util-1.9.18.jar;C:\Users\andre\.m2\repository\org\apache\maven\resolver\maven-resolver-transport-http\1.9.18\maven-resolver-transport-http-1.9.18.jar;C:\Users\andre\.m2\repository\org\apache\maven\wagon\wagon-provider-api\3.5.3\wagon-provider-api-3.5.3.jar;C:\Users\andre\.m2\repository\org\apache\maven\wagon\wagon-http-shared\3.5.3\wagon-http-shared-3.5.3.jar;C:\Users\andre\.m2\repository\org\codehaus\plexus\plexus-interpolation\1.26\plexus-interpolation-1.26.jar;C:\Users\andre\.m2\repository\org\codehaus\plexus\plexus-utils\3.5.1\plexus-utils-3.5.1.jar;C:\Users\andre\.m2\repository\org\codehaus\plexus\plexus-xml\4.0.0\plexus-xml-4.0.0.jar;C:\Users\andre\.m2\repository\org\apache\maven\maven-xml-impl\4.0.0-alpha-5\maven-xml-impl-4.0.0-alpha-5.jar;C:\Users\andre\.m2\repository\org\apache\maven\maven-api-xml\4.0.0-alpha-5\maven-api-xml-4.0.0-alpha-5.jar;C:\Users\andre\.m2\repository\org\apache\maven\maven-api-meta\4.0.0-alpha-5\maven-api-meta-4.0.0-alpha-5.jar;C:\Users\andre\.m2\repository\org\codehaus\plexus\plexus-cipher\2.0\plexus-cipher-2.0.jar;C:\Users\andre\.m2\repository\org\codehaus\plexus\plexus-sec-dispatcher\2.0\plexus-sec-dispatcher-2.0.jar;C:\Users\andre\.m2\repository\org\apache\maven\maven-embedder\3.9.6\maven-embedder-3.9.6.jar;C:\Users\andre\.m2\repository\org\apache\maven\maven-core\3.9.6\maven-core-3.9.6.jar;C:\Users\andre\.m2\repository\org\codehaus\plexus\plexus-component-annotations\2.1.0\plexus-component-annotations-2.1.0.jar;C:\Users\andre\.m2\repository\org\apache\maven\maven-plugin-api\3.9.6\maven-plugin-api-3.9.6.jar;C:\Users\andre\.m2\repository\org\apache\maven\shared\maven-shared-utils\3.3.4\maven-shared-utils-3.3.4.jar;C:\Users\andre\.m2\repository\com\google\inject\guice\5.1.0\guice-5.1.0.jar;C:\Users\andre\.m2\repository\aopalliance\aopalliance\1.0\aopalliance-1.0.jar;C:\Users\andre\.m2\repository\com\google\guava\guava\33.0.0-jre\guava-33.0.0-jre.jar;C:\Users\andre\.m2\repository\com\google\guava\failureaccess\1.0.1\failureaccess-1.0.1.jar;C:\Users\andre\.m2\repository\javax\annotation\javax.annotation-api\1.3.2\javax.annotation-api-1.3.2.jar;C:\Users\andre\.m2\repository\org\codehaus\plexus\plexus-classworlds\2.6.0\plexus-classworlds-2.6.0.jar;C:\Users\andre\.m2\repository\commons-cli\commons-cli\1.5.0\commons-cli-1.5.0.jar;C:\Users\andre\.m2\repository\org\eclipse\sisu\org.eclipse.sisu.plexus\0.9.0.M2\org.eclipse.sisu.plexus-0.9.0.M2.jar;C:\Users\andre\.m2\repository\org\apache\maven\maven-settings-builder\3.9.6\maven-settings-builder-3.9.6.jar;C:\Users\andre\.m2\repository\org\apache\maven\maven-resolver-provider\3.9.6\maven-resolver-provider-3.9.6.jar;C:\Users\andre\.m2\repository\org\apache\maven\resolver\maven-resolver-connector-basic\1.9.18\maven-resolver-connector-basic-1.9.18.jar;C:\Users\andre\.m2\repository\org\apache\maven\resolver\maven-resolver-transport-wagon\1.9.18\maven-resolver-transport-wagon-1.9.18.jar;C:\Users\andre\.m2\repository\org\apache\maven\wagon\wagon-http\3.5.3\wagon-http-3.5.3.jar;C:\Users\andre\.m2\repository\org\apache\maven\wagon\wagon-file\3.5.3\wagon-file-3.5.3.jar;C:\Users\andre\.m2\repository\io\quarkus\quarkus-bootstrap-gradle-resolver\3.9.4\quarkus-bootstrap-gradle-resolver-3.9.4.jar;C:\Users\andre\.m2\repository\io\smallrye\jandex\3.1.6\jandex-3.1.6.jar;C:\Users\andre\.m2\repository\commons-io\commons-io\2.15.1\commons-io-2.15.1.jar;C:\Users\andre\.m2\repository\io\quarkus\quarkus-junit5-properties\3.9.4\quarkus-junit5-properties-3.9.4.jar;C:\Users\andre\.m2\repository\org\junit\jupiter\junit-jupiter\5.10.2\junit-jupiter-5.10.2.jar;C:\Users\andre\.m2\repository\org\junit\jupiter\junit-jupiter-api\5.10.2\junit-jupiter-api-5.10.2.jar;C:\Users\andre\.m2\repository\org\opentest4j\opentest4j\1.3.0\opentest4j-1.3.0.jar;C:\Users\andre\.m2\repository\org\junit\platform\junit-platform-commons\1.10.2\junit-platform-commons-1.10.2.jar;C:\Users\andre\.m2\repository\org\apiguardian\apiguardian-api\1.1.2\apiguardian-api-1.1.2.jar;C:\Users\andre\.m2\repository\org\junit\jupiter\junit-jupiter-params\5.10.2\junit-jupiter-params-5.10.2.jar;C:\Users\andre\.m2\repository\org\junit\jupiter\junit-jupiter-engine\5.10.2\junit-jupiter-engine-5.10.2.jar;C:\Users\andre\.m2\repository\org\junit\platform\junit-platform-engine\1.10.2\junit-platform-engine-1.10.2.jar;C:\Users\andre\.m2\repository\com\thoughtworks\xstream\xstream\1.4.20\xstream-1.4.20.jar;C:\Users\andre\.m2\repository\io\github\x-stream\mxparser\1.2.2\mxparser-1.2.2.jar;C:\Users\andre\.m2\repository\xmlpull\xmlpull\1.1.3.1\xmlpull-1.1.3.1.jar;C:\Users\andre\.m2\repository\io\rest-assured\rest-assured\5.4.0\rest-assured-5.4.0.jar;C:\Users\andre\.m2\repository\org\apache\groovy\groovy\4.0.16\groovy-4.0.16.jar;C:\Users\andre\.m2\repository\org\apache\groovy\groovy-xml\4.0.16\groovy-xml-4.0.16.jar;C:\Users\andre\.m2\repository\org\apache\httpcomponents\httpclient\4.5.14\httpclient-4.5.14.jar;C:\Users\andre\.m2\repository\org\apache\httpcomponents\httpcore\4.4.16\httpcore-4.4.16.jar;C:\Users\andre\.m2\repository\commons-codec\commons-codec\1.16.1\commons-codec-1.16.1.jar;C:\Users\andre\.m2\repository\org\apache\httpcomponents\httpmime\4.5.14\httpmime-4.5.14.jar;C:\Users\andre\.m2\repository\org\hamcrest\hamcrest\2.2\hamcrest-2.2.jar;C:\Users\andre\.m2\repository\org\ccil\cowan\tagsoup\tagsoup\1.2.1\tagsoup-1.2.1.jar;C:\Users\andre\.m2\repository\io\rest-assured\json-path\5.4.0\json-path-5.4.0.jar;C:\Users\andre\.m2\repository\org\apache\groovy\groovy-json\4.0.16\groovy-json-4.0.16.jar;C:\Users\andre\.m2\repository\io\rest-assured\rest-assured-common\5.4.0\rest-assured-common-5.4.0.jar;C:\Users\andre\.m2\repository\io\rest-assured\xml-path\5.4.0\xml-path-5.4.0.jar;C:\Users\andre\.m2\repository\org\apache\commons\commons-lang3\3.14.0\commons-lang3-3.14.0.jar;"/>
    <property name="sun.cpu.endian" value="little"/>
    <property name="vertx.disableWebsockets" value="true"/>
    <property name="user.home" value="C:\Users\andre"/>
    <property name="user.language" value="de"/>
    <property name="jboss.log-version" value="false"/>
    <property name="java.specification.vendor" value="Oracle Corporation"/>
    <property name="io.netty.allocator.maxOrder" value="3"/>
    <property name="java.version.date" value="2024-04-16"/>
    <property name="java.home" value="C:\Program Files\Java\jdk-21"/>
    <property name="file.separator" value="\"/>
    <property name="basedir" value="C:\01_DevWorkspace\Java Web\Hftm_IN306_BlogService"/>
    <property name="java.vm.compressedOopsMode" value="Zero based"/>
    <property name="line.separator" value="&#10;"/>
    <property name="java.vm.specification.vendor" value="Oracle Corporation"/>
    <property name="java.specification.name" value="Java Platform API Specification"/>
    <property name="surefire.real.class.path" value="C:\Users\andre\AppData\Local\Temp\surefire10274939231888915793\surefirebooter-20240517142527196_3.jar"/>
    <property name="user.script" value=""/>
    <property name="sun.management.compiler" value="HotSpot 64-Bit Tiered Compilers"/>
    <property name="java.runtime.version" value="21.0.3+7-LTS-152"/>
    <property name="user.name" value="andre"/>
    <property name="stdout.encoding" value="Cp1252"/>
    <property name="path.separator" value=";"/>
    <property name="os.version" value="10.0"/>
    <property name="java.runtime.name" value="Java(TM) SE Runtime Environment"/>
    <property name="file.encoding" value="UTF-8"/>
    <property name="java.vm.name" value="Java HotSpot(TM) 64-Bit Server VM"/>
    <property name="localRepository" value="C:\Users\andre\.m2\repository"/>
    <property name="java.vendor.url.bug" value="https://bugreport.java.com/bugreport/"/>
    <property name="java.io.tmpdir" value="C:\Users\andre\AppData\Local\Temp\"/>
    <property name="quarkus.log.file.path" value="target\quarkus.log"/>
    <property name="java.version" value="21.0.3"/>
    <property name="java.util.concurrent.ForkJoinPool.common.threadFactory" value="io.quarkus.bootstrap.forkjoin.QuarkusForkJoinWorkerThreadFactory"/>
    <property name="user.dir" value="C:\01_DevWorkspace\Java Web\Hftm_IN306_BlogService"/>
    <property name="os.arch" value="amd64"/>
    <property name="java.vm.specification.name" value="Java Virtual Machine Specification"/>
    <property name="vertx.disableDnsResolver" value="true"/>
    <property name="sun.os.patch.level" value=""/>
    <property name="native.encoding" value="Cp1252"/>
    <property name="java.util.logging.manager" value="org.jboss.logmanager.LogManager"/>
    <property name="java.library.path" value="C:\Program Files\Java\jdk-21\bin;C:\WINDOWS\Sun\Java\bin;C:\WINDOWS\system32;C:\WINDOWS;C:\Program Files\PowerShell\7;C:\apache-maven-3.9.6\bin;C:\Program Files\Common Files\Oracle\Java\javapath;C:\Program Files (x86)\Common Files\Oracle\Java\java8path;C:\Program Files (x86)\Common Files\Oracle\Java\javapath;C:\Program Files\Microsoft MPI\Bin\;C:\WINDOWS\system32;C:\WINDOWS;C:\WINDOWS\System32\Wbem;C:\WINDOWS\System32\WindowsPowerShell\v1.0\;C:\WINDOWS\System32\OpenSSH\;C:\Program Files (x86)\NVIDIA Corporation\PhysX\Common;C:\Program Files\Oracle SQL Developer\bin;C:\Program Files (x86)\Microsoft SQL Server\160\DTS\Binn\;C:\Program Files\Azure Data Studio\bin;C:\Program Files (x86)\Microsoft SQL Server\160\Tools\Binn\;C:\Program Files\Microsoft SQL Server\160\Tools\Binn\;C:\Program Files\Microsoft SQL Server\160\DTS\Binn\;C:\Program Files\nodejs\;C:\Program Files\Microsoft SQL Server\150\Tools\Binn\;C:\Program Files\Docker\Docker\resources\bin;C:\Program Files\PowerShell\7\;C:\Program Files\Git\cmd;C:\Program Files\dotnet\;C:\apache-maven-3.9.6\bin;C:\Development\Flutter\flutter\bin;C:\Users\andre\AppData\Local\Microsoft\WindowsApps;C:\Development\Microsoft VS Code\bin;C:\Users\andre\AppData\Local\GitHubDesktop\bin;%IntelliJ IDEA Community Edition%;C:\Program Files\Azure Data Studio\bin;C:\texlive\2023\bin\windows;C:\Users\andre\AppData\Roaming\npm;C:\Development\JetBrains Webstorm\WebStorm 2023.3.4\bin;;C:\Program Files\JetBrains\JetBrains Rider 2024.1.1\bin;;C:\Program Files\JetBrains\IntelliJ IDEA 2024.1\bin;;C:\Development\Dart\dart-sdk\bin;C:\Users\andre\.dotnet\tools;."/>
    <property name="java.vm.info" value="mixed mode, sharing"/>
    <property name="stderr.encoding" value="Cp1252"/>
    <property name="java.vendor" value="Oracle Corporation"/>
    <property name="vertx.disableTCCL" value="true"/>
    <property name="java.vm.version" value="21.0.3+7-LTS-152"/>
    <property name="sun.io.unicode.encoding" value="UnicodeLittle"/>
    <property name="io.netty.machineId" value="a1:00:73:f0:c1:9d:1f:c9"/>
    <property name="java.class.version" value="65.0"/>
  </properties>
  <testcase name="listingAndAddingBlogs" classname="ch.hftm.blog.control.BlogServiceTest" time="0.006">
    <system-out><![CDATA[2024-05-17 14:25:34,099 INFO  [ch.hft.blo.con.BlogService] (main) Returning 2 blogs
2024-05-17 14:25:34,099 INFO  [ch.hft.blo.con.BlogService] (main) Adding blog Testing Blog
2024-05-17 14:25:34,100 INFO  [ch.hft.blo.con.BlogService] (main) Returning 3 blogs
]]></system-out>
  </testcase>
</testsuite>